2015-03-18 13:16:13,787 [10] DEBUG OSGi.NET.Core.Root.Framework [(null)] - 框架读取元数据信息！
2015-03-18 13:16:14,281 [10] DEBUG OSGi.NET.Core.Root.Framework [(null)] - 框架初始化开始！
2015-03-18 13:16:14,308 [10] DEBUG OSGi.NET.Core.Root.Framework [(null)] - 框架读取配置！
2015-03-18 13:16:14,355 [10] DEBUG OSGi.NET.Core.Root.Framework [(null)] - 框架加载共享程序集！
2015-03-18 13:16:14,382 [10] DEBUG OSGi.NET.Core.Root.Framework [(null)] - 框架关联共享程序集[Microsoft.VisualStudio.HostingProcess.Utilities]！
2015-03-18 13:16:14,388 [10] DEBUG OSGi.NET.Core.Root.Framework [(null)] - 框架关联共享程序集[Microsoft.VisualStudio.HostingProcess.Utilities.Sync]！
2015-03-18 13:16:14,394 [10] DEBUG OSGi.NET.Core.Root.Framework [(null)] - 框架关联共享程序集[Microsoft.VisualStudio.Debugger.Runtime]！
2015-03-18 13:16:14,398 [10] DEBUG OSGi.NET.Core.Root.Framework [(null)] - 框架关联共享程序集[vshost]！
2015-03-18 13:16:14,402 [10] DEBUG OSGi.NET.Core.Root.Framework [(null)] - 框架关联共享程序集[Microsoft.CSharp]！
2015-03-18 13:16:14,406 [10] DEBUG OSGi.NET.Core.Root.Framework [(null)] - 框架关联共享程序集[mscorlib.resources]！
2015-03-18 13:16:14,410 [10] DEBUG OSGi.NET.Core.Root.Framework [(null)] - 框架关联共享程序集[ConsoleDemo]！
2015-03-18 13:16:14,415 [10] DEBUG OSGi.NET.Core.Root.Framework [(null)] - 框架关联共享程序集[log4net]！
2015-03-18 13:16:14,424 [10] DEBUG OSGi.NET.Core.Root.Framework [(null)] - 框架读取模块信息！
2015-03-18 13:16:14,467 [10] DEBUG OSGi.NET.Core.Root.Framework [(null)] - 框架初始化结束！
2015-03-18 13:16:14,531 [10] DEBUG OSGi.NET.Core.Root.Framework [(null)] - 框架启动开始！
2015-03-18 13:16:14,555 [10] DEBUG OSGi.NET.Core.Root.Framework [(null)] - 框架启动完成！
2015-04-20 10:51:55,310 [9] DEBUG OSGi.NET.Core.Root.Framework [(null)] - 框架读取元数据信息！
2015-04-20 10:51:55,466 [9] DEBUG OSGi.NET.Core.Root.Framework [(null)] - 框架初始化开始！
2015-04-20 10:51:55,466 [9] DEBUG OSGi.NET.Core.Root.Framework [(null)] - 框架读取配置！
2015-04-20 10:51:55,482 [9] DEBUG OSGi.NET.Core.Root.Framework [(null)] - 框架加载共享程序集！
2015-04-20 10:51:55,497 [9] DEBUG OSGi.NET.Core.Root.Framework [(null)] - 框架关联共享程序集[Microsoft.VisualStudio.HostingProcess.Utilities]！
2015-04-20 10:51:55,497 [9] DEBUG OSGi.NET.Core.Root.Framework [(null)] - 框架关联共享程序集[Microsoft.VisualStudio.HostingProcess.Utilities.Sync]！
2015-04-20 10:51:55,497 [9] DEBUG OSGi.NET.Core.Root.Framework [(null)] - 框架关联共享程序集[Microsoft.VisualStudio.Debugger.Runtime]！
2015-04-20 10:51:55,497 [9] DEBUG OSGi.NET.Core.Root.Framework [(null)] - 框架关联共享程序集[vshost]！
2015-04-20 10:51:55,497 [9] DEBUG OSGi.NET.Core.Root.Framework [(null)] - 框架关联共享程序集[Microsoft.CSharp]！
2015-04-20 10:51:55,497 [9] DEBUG OSGi.NET.Core.Root.Framework [(null)] - 框架关联共享程序集[mscorlib.resources]！
2015-04-20 10:51:55,497 [9] DEBUG OSGi.NET.Core.Root.Framework [(null)] - 框架关联共享程序集[ConsoleDemo]！
2015-04-20 10:51:55,497 [9] DEBUG OSGi.NET.Core.Root.Framework [(null)] - 框架关联共享程序集[log4net]！
2015-04-20 10:51:55,513 [9] DEBUG OSGi.NET.Core.Root.Framework [(null)] - 框架读取模块信息！
2015-04-20 10:51:55,607 [9] DEBUG OSGi.NET.Core.Root.Framework [(null)] - 框架初始化结束！
2015-04-20 10:51:55,638 [9] DEBUG OSGi.NET.Core.Root.Framework [(null)] - 框架启动开始！
2015-04-20 10:51:55,638 [9] DEBUG OSGi.NET.Core.Root.Framework [(null)] - 框架启动完成！
2015-04-20 10:52:14,732 [10] DEBUG OSGi.NET.Core.Root.Framework [(null)] - 框架读取元数据信息！
2015-04-20 10:52:14,763 [10] DEBUG OSGi.NET.Core.Root.Framework [(null)] - 框架初始化开始！
2015-04-20 10:52:14,763 [10] DEBUG OSGi.NET.Core.Root.Framework [(null)] - 框架读取配置！
2015-04-20 10:52:14,779 [10] DEBUG OSGi.NET.Core.Root.Framework [(null)] - 框架加载共享程序集！
2015-04-20 10:52:14,779 [10] DEBUG OSGi.NET.Core.Root.Framework [(null)] - 框架关联共享程序集[Microsoft.VisualStudio.HostingProcess.Utilities]！
2015-04-20 10:52:14,779 [10] DEBUG OSGi.NET.Core.Root.Framework [(null)] - 框架关联共享程序集[Microsoft.VisualStudio.HostingProcess.Utilities.Sync]！
2015-04-20 10:52:14,779 [10] DEBUG OSGi.NET.Core.Root.Framework [(null)] - 框架关联共享程序集[Microsoft.VisualStudio.Debugger.Runtime]！
2015-04-20 10:52:14,779 [10] DEBUG OSGi.NET.Core.Root.Framework [(null)] - 框架关联共享程序集[vshost]！
2015-04-20 10:52:14,779 [10] DEBUG OSGi.NET.Core.Root.Framework [(null)] - 框架关联共享程序集[Microsoft.CSharp]！
2015-04-20 10:52:14,779 [10] DEBUG OSGi.NET.Core.Root.Framework [(null)] - 框架关联共享程序集[mscorlib.resources]！
2015-04-20 10:52:14,779 [10] DEBUG OSGi.NET.Core.Root.Framework [(null)] - 框架关联共享程序集[ConsoleDemo]！
2015-04-20 10:52:14,779 [10] DEBUG OSGi.NET.Core.Root.Framework [(null)] - 框架关联共享程序集[log4net]！
2015-04-20 10:52:14,795 [10] DEBUG OSGi.NET.Core.Root.Framework [(null)] - 框架读取模块信息！
2015-04-20 10:52:14,795 [10] DEBUG OSGi.NET.Core.Root.Framework [(null)] - 框架初始化结束！
2015-04-20 10:52:14,795 [10] DEBUG OSGi.NET.Core.Root.Framework [(null)] - 框架启动开始！
2015-04-20 10:52:14,795 [10] DEBUG OSGi.NET.Core.Root.Framework [(null)] - 框架启动完成！
2015-04-20 11:11:02,751 [10] DEBUG OSGi.NET.Core.Root.Framework [(null)] - 框架读取元数据信息！
2015-04-20 11:11:03,031 [10] DEBUG OSGi.NET.Core.Root.Framework [(null)] - 框架初始化开始！
2015-04-20 11:11:03,031 [10] DEBUG OSGi.NET.Core.Root.Framework [(null)] - 框架读取配置！
2015-04-20 11:11:03,078 [10] DEBUG OSGi.NET.Core.Root.Framework [(null)] - 框架加载共享程序集！
2015-04-20 11:11:03,094 [10] DEBUG OSGi.NET.Core.Root.Framework [(null)] - 框架关联共享程序集[Microsoft.VisualStudio.HostingProcess.Utilities]！
2015-04-20 11:11:03,094 [10] DEBUG OSGi.NET.Core.Root.Framework [(null)] - 框架关联共享程序集[Microsoft.VisualStudio.HostingProcess.Utilities.Sync]！
2015-04-20 11:11:03,094 [10] DEBUG OSGi.NET.Core.Root.Framework [(null)] - 框架关联共享程序集[Microsoft.VisualStudio.Debugger.Runtime]！
2015-04-20 11:11:03,094 [10] DEBUG OSGi.NET.Core.Root.Framework [(null)] - 框架关联共享程序集[vshost]！
2015-04-20 11:11:03,094 [10] DEBUG OSGi.NET.Core.Root.Framework [(null)] - 框架关联共享程序集[Microsoft.CSharp]！
2015-04-20 11:11:03,094 [10] DEBUG OSGi.NET.Core.Root.Framework [(null)] - 框架关联共享程序集[mscorlib.resources]！
2015-04-20 11:11:03,094 [10] DEBUG OSGi.NET.Core.Root.Framework [(null)] - 框架关联共享程序集[ConsoleDemo]！
2015-04-20 11:11:03,094 [10] DEBUG OSGi.NET.Core.Root.Framework [(null)] - 框架关联共享程序集[log4net]！
2015-04-20 11:11:03,125 [10] DEBUG OSGi.NET.Core.Root.Framework [(null)] - 框架读取模块信息！
2015-04-20 11:11:03,187 [10] DEBUG OSGi.NET.Core.Root.Framework [(null)] - 框架初始化结束！
2015-04-20 11:11:03,250 [10] DEBUG OSGi.NET.Core.Root.Framework [(null)] - 框架启动开始！
2015-04-20 11:11:03,250 [10] DEBUG OSGi.NET.Core.Root.Framework [(null)] - 框架启动完成！
2015-04-20 11:27:36,918 [10] DEBUG OSGi.NET.Core.Root.Framework [(null)] - 框架读取元数据信息！
2015-04-20 11:27:37,129 [10] DEBUG OSGi.NET.Core.Root.Framework [(null)] - 框架初始化开始！
2015-04-20 11:27:37,133 [10] DEBUG OSGi.NET.Core.Root.Framework [(null)] - 框架读取配置！
2015-04-20 11:27:37,142 [10] DEBUG OSGi.NET.Core.Root.Framework [(null)] - 框架加载共享程序集！
2015-04-20 11:27:37,160 [10] DEBUG OSGi.NET.Core.Root.Framework [(null)] - 框架关联共享程序集[Microsoft.VisualStudio.HostingProcess.Utilities]！
2015-04-20 11:27:37,163 [10] DEBUG OSGi.NET.Core.Root.Framework [(null)] - 框架关联共享程序集[Microsoft.VisualStudio.HostingProcess.Utilities.Sync]！
2015-04-20 11:27:37,166 [10] DEBUG OSGi.NET.Core.Root.Framework [(null)] - 框架关联共享程序集[Microsoft.VisualStudio.Debugger.Runtime]！
2015-04-20 11:27:37,167 [10] DEBUG OSGi.NET.Core.Root.Framework [(null)] - 框架关联共享程序集[vshost]！
2015-04-20 11:27:37,169 [10] DEBUG OSGi.NET.Core.Root.Framework [(null)] - 框架关联共享程序集[Microsoft.CSharp]！
2015-04-20 11:27:37,172 [10] DEBUG OSGi.NET.Core.Root.Framework [(null)] - 框架关联共享程序集[mscorlib.resources]！
2015-04-20 11:27:37,174 [10] DEBUG OSGi.NET.Core.Root.Framework [(null)] - 框架关联共享程序集[ConsoleDemo]！
2015-04-20 11:27:37,176 [10] DEBUG OSGi.NET.Core.Root.Framework [(null)] - 框架关联共享程序集[log4net]！
2015-04-20 11:27:37,181 [10] DEBUG OSGi.NET.Core.Root.Framework [(null)] - 框架读取模块信息！
2015-04-20 11:27:37,248 [10] DEBUG OSGi.NET.Core.Root.Framework [(null)] - 框架初始化结束！
2015-04-20 11:27:37,309 [10] DEBUG OSGi.NET.Core.Root.Framework [(null)] - 框架启动开始！
2015-04-20 11:27:37,310 [10] DEBUG OSGi.NET.Core.Root.Framework [(null)] - 框架启动完成！
2015-04-20 11:33:33,317 [9] DEBUG OSGi.NET.Core.Root.Framework [(null)] - 框架读取元数据信息！
2015-04-20 11:33:33,382 [9] DEBUG OSGi.NET.Core.Root.Framework [(null)] - 框架初始化开始！
2015-04-20 11:33:33,385 [9] DEBUG OSGi.NET.Core.Root.Framework [(null)] - 框架读取配置！
2015-04-20 11:33:33,394 [9] DEBUG OSGi.NET.Core.Root.Framework [(null)] - 框架加载共享程序集！
2015-04-20 11:33:33,401 [9] DEBUG OSGi.NET.Core.Root.Framework [(null)] - 框架关联共享程序集[Microsoft.VisualStudio.HostingProcess.Utilities]！
2015-04-20 11:33:33,403 [9] DEBUG OSGi.NET.Core.Root.Framework [(null)] - 框架关联共享程序集[Microsoft.VisualStudio.HostingProcess.Utilities.Sync]！
2015-04-20 11:33:33,405 [9] DEBUG OSGi.NET.Core.Root.Framework [(null)] - 框架关联共享程序集[Microsoft.VisualStudio.Debugger.Runtime]！
2015-04-20 11:33:33,408 [9] DEBUG OSGi.NET.Core.Root.Framework [(null)] - 框架关联共享程序集[vshost]！
2015-04-20 11:33:33,409 [9] DEBUG OSGi.NET.Core.Root.Framework [(null)] - 框架关联共享程序集[Microsoft.CSharp]！
2015-04-20 11:33:33,411 [9] DEBUG OSGi.NET.Core.Root.Framework [(null)] - 框架关联共享程序集[mscorlib.resources]！
2015-04-20 11:33:33,412 [9] DEBUG OSGi.NET.Core.Root.Framework [(null)] - 框架关联共享程序集[ConsoleDemo]！
2015-04-20 11:33:33,414 [9] DEBUG OSGi.NET.Core.Root.Framework [(null)] - 框架关联共享程序集[log4net]！
2015-04-20 11:33:33,418 [9] DEBUG OSGi.NET.Core.Root.Framework [(null)] - 框架读取模块信息！
2015-04-20 11:33:33,426 [9] DEBUG OSGi.NET.Core.Root.Framework [(null)] - 框架初始化结束！
2015-04-20 11:33:33,430 [9] DEBUG OSGi.NET.Core.Root.Framework [(null)] - 框架启动开始！
2015-04-20 11:33:33,432 [9] DEBUG OSGi.NET.Core.Root.Framework [(null)] - 框架启动完成！
2015-04-20 11:34:05,709 [9] DEBUG OSGi.NET.Core.Root.Framework [(null)] - 框架读取元数据信息！
2015-04-20 11:34:05,773 [9] DEBUG OSGi.NET.Core.Root.Framework [(null)] - 框架初始化开始！
2015-04-20 11:34:05,776 [9] DEBUG OSGi.NET.Core.Root.Framework [(null)] - 框架读取配置！
2015-04-20 11:34:05,785 [9] DEBUG OSGi.NET.Core.Root.Framework [(null)] - 框架加载共享程序集！
2015-04-20 11:34:05,792 [9] DEBUG OSGi.NET.Core.Root.Framework [(null)] - 框架关联共享程序集[Microsoft.VisualStudio.HostingProcess.Utilities]！
2015-04-20 11:34:05,795 [9] DEBUG OSGi.NET.Core.Root.Framework [(null)] - 框架关联共享程序集[Microsoft.VisualStudio.HostingProcess.Utilities.Sync]！
2015-04-20 11:34:05,797 [9] DEBUG OSGi.NET.Core.Root.Framework [(null)] - 框架关联共享程序集[Microsoft.VisualStudio.Debugger.Runtime]！
2015-04-20 11:34:05,799 [9] DEBUG OSGi.NET.Core.Root.Framework [(null)] - 框架关联共享程序集[vshost]！
2015-04-20 11:34:05,800 [9] DEBUG OSGi.NET.Core.Root.Framework [(null)] - 框架关联共享程序集[Microsoft.CSharp]！
2015-04-20 11:34:05,802 [9] DEBUG OSGi.NET.Core.Root.Framework [(null)] - 框架关联共享程序集[mscorlib.resources]！
2015-04-20 11:34:05,804 [9] DEBUG OSGi.NET.Core.Root.Framework [(null)] - 框架关联共享程序集[ConsoleDemo]！
2015-04-20 11:34:05,805 [9] DEBUG OSGi.NET.Core.Root.Framework [(null)] - 框架关联共享程序集[log4net]！
2015-04-20 11:34:05,809 [9] DEBUG OSGi.NET.Core.Root.Framework [(null)] - 框架读取模块信息！
2015-04-20 11:34:05,817 [9] DEBUG OSGi.NET.Core.Root.Framework [(null)] - 框架初始化结束！
2015-04-20 11:34:05,822 [9] DEBUG OSGi.NET.Core.Root.Framework [(null)] - 框架启动开始！
2015-04-20 11:34:05,824 [9] DEBUG OSGi.NET.Core.Root.Framework [(null)] - 框架启动完成！
2015-04-20 12:02:24,422 [10] DEBUG OSGi.NET.Core.Root.Framework [(null)] - 框架读取元数据信息！
2015-04-20 12:02:24,489 [10] DEBUG OSGi.NET.Core.Root.Framework [(null)] - 框架初始化开始！
2015-04-20 12:02:24,493 [10] DEBUG OSGi.NET.Core.Root.Framework [(null)] - 框架读取配置！
2015-04-20 12:02:24,501 [10] DEBUG OSGi.NET.Core.Root.Framework [(null)] - 框架加载共享程序集！
2015-04-20 12:02:24,509 [10] DEBUG OSGi.NET.Core.Root.Framework [(null)] - 框架关联共享程序集[Microsoft.VisualStudio.HostingProcess.Utilities]！
2015-04-20 12:02:24,512 [10] DEBUG OSGi.NET.Core.Root.Framework [(null)] - 框架关联共享程序集[Microsoft.VisualStudio.HostingProcess.Utilities.Sync]！
2015-04-20 12:02:24,514 [10] DEBUG OSGi.NET.Core.Root.Framework [(null)] - 框架关联共享程序集[Microsoft.VisualStudio.Debugger.Runtime]！
2015-04-20 12:02:24,516 [10] DEBUG OSGi.NET.Core.Root.Framework [(null)] - 框架关联共享程序集[vshost]！
2015-04-20 12:02:24,518 [10] DEBUG OSGi.NET.Core.Root.Framework [(null)] - 框架关联共享程序集[Microsoft.CSharp]！
2015-04-20 12:02:24,520 [10] DEBUG OSGi.NET.Core.Root.Framework [(null)] - 框架关联共享程序集[mscorlib.resources]！
2015-04-20 12:02:24,522 [10] DEBUG OSGi.NET.Core.Root.Framework [(null)] - 框架关联共享程序集[ConsoleDemo]！
2015-04-20 12:02:24,524 [10] DEBUG OSGi.NET.Core.Root.Framework [(null)] - 框架关联共享程序集[log4net]！
2015-04-20 12:02:24,528 [10] DEBUG OSGi.NET.Core.Root.Framework [(null)] - 框架读取模块信息！
2015-04-20 12:02:24,536 [10] DEBUG OSGi.NET.Core.Root.Framework [(null)] - 框架初始化结束！
2015-04-20 12:02:24,541 [10] DEBUG OSGi.NET.Core.Root.Framework [(null)] - 框架启动开始！
2015-04-20 12:02:24,543 [10] DEBUG OSGi.NET.Core.Root.Framework [(null)] - 框架启动完成！
2015-04-20 12:03:04,630 [9] DEBUG OSGi.NET.Core.Root.Framework [(null)] - 框架读取元数据信息！
2015-04-20 12:03:04,694 [9] DEBUG OSGi.NET.Core.Root.Framework [(null)] - 框架初始化开始！
2015-04-20 12:03:04,698 [9] DEBUG OSGi.NET.Core.Root.Framework [(null)] - 框架读取配置！
2015-04-20 12:03:04,707 [9] DEBUG OSGi.NET.Core.Root.Framework [(null)] - 框架加载共享程序集！
2015-04-20 12:03:04,714 [9] DEBUG OSGi.NET.Core.Root.Framework [(null)] - 框架关联共享程序集[Microsoft.VisualStudio.HostingProcess.Utilities]！
2015-04-20 12:03:04,717 [9] DEBUG OSGi.NET.Core.Root.Framework [(null)] - 框架关联共享程序集[Microsoft.VisualStudio.HostingProcess.Utilities.Sync]！
2015-04-20 12:03:04,719 [9] DEBUG OSGi.NET.Core.Root.Framework [(null)] - 框架关联共享程序集[Microsoft.VisualStudio.Debugger.Runtime]！
2015-04-20 12:03:04,721 [9] DEBUG OSGi.NET.Core.Root.Framework [(null)] - 框架关联共享程序集[vshost]！
2015-04-20 12:03:04,723 [9] DEBUG OSGi.NET.Core.Root.Framework [(null)] - 框架关联共享程序集[Microsoft.CSharp]！
2015-04-20 12:03:04,725 [9] DEBUG OSGi.NET.Core.Root.Framework [(null)] - 框架关联共享程序集[mscorlib.resources]！
2015-04-20 12:03:04,727 [9] DEBUG OSGi.NET.Core.Root.Framework [(null)] - 框架关联共享程序集[ConsoleDemo]！
2015-04-20 12:03:04,729 [9] DEBUG OSGi.NET.Core.Root.Framework [(null)] - 框架关联共享程序集[log4net]！
2015-04-20 12:03:04,733 [9] DEBUG OSGi.NET.Core.Root.Framework [(null)] - 框架读取模块信息！
2015-04-20 12:03:04,740 [9] DEBUG OSGi.NET.Core.Root.Framework [(null)] - 框架初始化结束！
2015-04-20 12:03:04,745 [9] DEBUG OSGi.NET.Core.Root.Framework [(null)] - 框架启动开始！
2015-04-20 12:03:04,747 [9] DEBUG OSGi.NET.Core.Root.Framework [(null)] - 框架启动完成！
2015-04-20 12:03:51,751 [8] DEBUG OSGi.NET.Core.Root.Framework [(null)] - 框架读取元数据信息！
2015-04-20 12:03:51,817 [8] DEBUG OSGi.NET.Core.Root.Framework [(null)] - 框架初始化开始！
2015-04-20 12:03:51,820 [8] DEBUG OSGi.NET.Core.Root.Framework [(null)] - 框架读取配置！
2015-04-20 12:03:51,828 [8] DEBUG OSGi.NET.Core.Root.Framework [(null)] - 框架加载共享程序集！
2015-04-20 12:03:51,835 [8] DEBUG OSGi.NET.Core.Root.Framework [(null)] - 框架关联共享程序集[Microsoft.VisualStudio.HostingProcess.Utilities]！
2015-04-20 12:03:51,837 [8] DEBUG OSGi.NET.Core.Root.Framework [(null)] - 框架关联共享程序集[Microsoft.VisualStudio.HostingProcess.Utilities.Sync]！
2015-04-20 12:03:51,839 [8] DEBUG OSGi.NET.Core.Root.Framework [(null)] - 框架关联共享程序集[Microsoft.VisualStudio.Debugger.Runtime]！
2015-04-20 12:03:51,841 [8] DEBUG OSGi.NET.Core.Root.Framework [(null)] - 框架关联共享程序集[vshost]！
2015-04-20 12:03:51,843 [8] DEBUG OSGi.NET.Core.Root.Framework [(null)] - 框架关联共享程序集[Microsoft.CSharp]！
2015-04-20 12:03:51,845 [8] DEBUG OSGi.NET.Core.Root.Framework [(null)] - 框架关联共享程序集[mscorlib.resources]！
2015-04-20 12:03:51,846 [8] DEBUG OSGi.NET.Core.Root.Framework [(null)] - 框架关联共享程序集[ConsoleDemo]！
2015-04-20 12:03:51,848 [8] DEBUG OSGi.NET.Core.Root.Framework [(null)] - 框架关联共享程序集[log4net]！
2015-04-20 12:03:51,852 [8] DEBUG OSGi.NET.Core.Root.Framework [(null)] - 框架读取模块信息！
2015-04-20 12:03:51,859 [8] DEBUG OSGi.NET.Core.Root.Framework [(null)] - 框架初始化结束！
2015-04-20 12:03:51,864 [8] DEBUG OSGi.NET.Core.Root.Framework [(null)] - 框架启动开始！
2015-04-20 12:03:51,866 [8] DEBUG OSGi.NET.Core.Root.Framework [(null)] - 框架启动完成！
2015-04-20 12:04:02,429 [9] DEBUG OSGi.NET.Core.Root.Framework [(null)] - 框架读取元数据信息！
2015-04-20 12:04:02,492 [9] DEBUG OSGi.NET.Core.Root.Framework [(null)] - 框架初始化开始！
2015-04-20 12:04:02,495 [9] DEBUG OSGi.NET.Core.Root.Framework [(null)] - 框架读取配置！
2015-04-20 12:04:02,504 [9] DEBUG OSGi.NET.Core.Root.Framework [(null)] - 框架加载共享程序集！
2015-04-20 12:04:02,511 [9] DEBUG OSGi.NET.Core.Root.Framework [(null)] - 框架关联共享程序集[Microsoft.VisualStudio.HostingProcess.Utilities]！
2015-04-20 12:04:02,514 [9] DEBUG OSGi.NET.Core.Root.Framework [(null)] - 框架关联共享程序集[Microsoft.VisualStudio.HostingProcess.Utilities.Sync]！
2015-04-20 12:04:02,516 [9] DEBUG OSGi.NET.Core.Root.Framework [(null)] - 框架关联共享程序集[Microsoft.VisualStudio.Debugger.Runtime]！
2015-04-20 12:04:02,518 [9] DEBUG OSGi.NET.Core.Root.Framework [(null)] - 框架关联共享程序集[vshost]！
2015-04-20 12:04:02,520 [9] DEBUG OSGi.NET.Core.Root.Framework [(null)] - 框架关联共享程序集[Microsoft.CSharp]！
2015-04-20 12:04:02,522 [9] DEBUG OSGi.NET.Core.Root.Framework [(null)] - 框架关联共享程序集[mscorlib.resources]！
2015-04-20 12:04:02,524 [9] DEBUG OSGi.NET.Core.Root.Framework [(null)] - 框架关联共享程序集[ConsoleDemo]！
2015-04-20 12:04:02,526 [9] DEBUG OSGi.NET.Core.Root.Framework [(null)] - 框架关联共享程序集[log4net]！
2015-04-20 12:04:02,530 [9] DEBUG OSGi.NET.Core.Root.Framework [(null)] - 框架读取模块信息！
2015-04-20 12:04:02,537 [9] DEBUG OSGi.NET.Core.Root.Framework [(null)] - 框架初始化结束！
2015-04-20 12:04:02,543 [9] DEBUG OSGi.NET.Core.Root.Framework [(null)] - 框架启动开始！
2015-04-20 12:04:02,545 [9] DEBUG OSGi.NET.Core.Root.Framework [(null)] - 框架启动完成！
2015-04-20 13:34:36,898 [1] DEBUG OSGi.NET.Core.Root.Framework [(null)] - 框架读取元数据信息！
2015-04-20 13:34:37,181 [1] DEBUG OSGi.NET.Core.Root.Framework [(null)] - 框架初始化开始！
2015-04-20 13:34:37,185 [1] DEBUG OSGi.NET.Core.Root.Framework [(null)] - 框架读取配置！
2015-04-20 13:34:37,193 [1] DEBUG OSGi.NET.Core.Root.Framework [(null)] - 框架加载共享程序集！
2015-04-20 13:34:37,200 [1] DEBUG OSGi.NET.Core.Root.Framework [(null)] - 框架关联共享程序集[ConsoleDemo]！
2015-04-20 13:34:37,203 [1] DEBUG OSGi.NET.Core.Root.Framework [(null)] - 框架关联共享程序集[log4net]！
2015-04-20 13:34:37,207 [1] DEBUG OSGi.NET.Core.Root.Framework [(null)] - 框架读取模块信息！
2015-04-20 13:34:37,214 [1] DEBUG OSGi.NET.Core.Root.Framework [(null)] - 框架初始化结束！
2015-04-20 13:34:37,219 [1] DEBUG OSGi.NET.Core.Root.Framework [(null)] - 框架启动开始！
2015-04-20 13:34:37,220 [1] DEBUG OSGi.NET.Core.Root.Framework [(null)] - 框架启动完成！
2015-04-20 13:49:59,451 [1] DEBUG OSGi.NET.Core.Root.Framework [(null)] - 框架读取元数据信息！
2015-04-20 13:49:59,534 [1] DEBUG OSGi.NET.Core.Root.Framework [(null)] - 框架初始化开始！
2015-04-20 13:49:59,537 [1] DEBUG OSGi.NET.Core.Root.Framework [(null)] - 框架读取配置！
2015-04-20 13:49:59,546 [1] DEBUG OSGi.NET.Core.Root.Framework [(null)] - 框架加载共享程序集！
2015-04-20 13:49:59,553 [1] DEBUG OSGi.NET.Core.Root.Framework [(null)] - 框架关联共享程序集[ConsoleDemo]！
2015-04-20 13:49:59,555 [1] DEBUG OSGi.NET.Core.Root.Framework [(null)] - 框架关联共享程序集[log4net]！
2015-04-20 13:49:59,559 [1] DEBUG OSGi.NET.Core.Root.Framework [(null)] - 框架读取模块信息！
2015-04-20 13:49:59,566 [1] DEBUG OSGi.NET.Core.Root.Framework [(null)] - 框架初始化结束！
2015-04-20 13:49:59,570 [1] DEBUG OSGi.NET.Core.Root.Framework [(null)] - 框架启动开始！
2015-04-20 13:49:59,572 [1] DEBUG OSGi.NET.Core.Root.Framework [(null)] - 框架启动完成！
2015-04-20 13:50:08,809 [1] DEBUG OSGi.NET.Core.Root.Framework [(null)] - 框架读取元数据信息！
2015-04-20 13:50:08,887 [1] DEBUG OSGi.NET.Core.Root.Framework [(null)] - 框架初始化开始！
2015-04-20 13:50:08,890 [1] DEBUG OSGi.NET.Core.Root.Framework [(null)] - 框架读取配置！
2015-04-20 13:50:08,897 [1] DEBUG OSGi.NET.Core.Root.Framework [(null)] - 框架加载共享程序集！
2015-04-20 13:50:08,904 [1] DEBUG OSGi.NET.Core.Root.Framework [(null)] - 框架关联共享程序集[ConsoleDemo]！
2015-04-20 13:50:08,906 [1] DEBUG OSGi.NET.Core.Root.Framework [(null)] - 框架关联共享程序集[log4net]！
2015-04-20 13:50:08,910 [1] DEBUG OSGi.NET.Core.Root.Framework [(null)] - 框架读取模块信息！
2015-04-20 13:50:08,917 [1] DEBUG OSGi.NET.Core.Root.Framework [(null)] - 框架初始化结束！
2015-04-20 13:50:08,922 [1] DEBUG OSGi.NET.Core.Root.Framework [(null)] - 框架启动开始！
2015-04-20 13:50:08,923 [1] DEBUG OSGi.NET.Core.Root.Framework [(null)] - 框架启动完成！
2015-04-20 14:59:38,132 [1] DEBUG OSGi.NET.Core.Root.Framework [(null)] - 框架读取元数据信息！
2015-04-20 14:59:38,732 [1] DEBUG OSGi.NET.Core.Root.Framework [(null)] - 框架初始化开始！
2015-04-20 14:59:38,772 [1] DEBUG OSGi.NET.Core.Root.Framework [(null)] - 框架读取配置！
2015-04-20 14:59:38,859 [1] DEBUG OSGi.NET.Core.Root.Framework [(null)] - 框架加载共享程序集！
2015-04-20 14:59:39,005 [1] DEBUG OSGi.NET.Core.Root.Framework [(null)] - 框架关联共享程序集[ConsoleDemo]！
2015-04-20 14:59:39,007 [1] DEBUG OSGi.NET.Core.Root.Framework [(null)] - 框架关联共享程序集[log4net]！
2015-04-20 14:59:39,016 [1] DEBUG OSGi.NET.Core.Root.Framework [(null)] - 框架读取模块信息！
2015-04-20 14:59:39,230 [1] DEBUG OSGi.NET.Core.Root.Framework [(null)] - 框架初始化结束！
2015-04-20 14:59:39,304 [1] DEBUG OSGi.NET.Core.Root.Framework [(null)] - 框架启动开始！
2015-04-20 14:59:39,305 [1] DEBUG OSGi.NET.Core.Root.Framework [(null)] - 框架启动完成！
