<?xml version="1.0" encoding="utf-8"?>
<shfbBuild product="Sandcastle Help File Builder" version="2014.5.31.0" projectFile="E:\Work\OSGi.NET\Help\ChmBunlder.shfbproj" started="2015/3/19 9:41:41">
<buildStep step="Initializing">
Finding tools...
The Sandcastle tools are located in &#39;D:\Sandcastle Help File Builder\&#39;
Searching for HTML Help 1 compiler...
Found HTML Help 1 compiler in &#39;C:\Program Files (x86)\HTML Help Workshop\&#39;
Locating components in the following folder(s):
   E:\Work\OSGi.NET\Help
Using presentation style &#39;VS2013&#39; located in &#39;D:\Sandcastle Help File Builder\PresentationStyles\VS2013&#39;
Loading and initializing plug-ins...
Lightweight Website Style Version 2014.5.31.0
Copyright &#169; 2006-2014, Eric Woodruff, All Rights Reserved
Portions Copyright &#169; 2014, Sam Harwell, All Rights Reserved
</buildStep>
<buildStep step="ValidatingDocumentationSources">
Validating and copying documentation source information
Source: E:\Work\OSGi.NET\OSGi.NET\bin\Debug\OSGi.NET.dll
    Found assembly &#39;E:\Work\OSGi.NET\OSGi.NET\bin\Debug\OSGi.NET.dll&#39;
Source: E:\Work\OSGi.NET\OSGi.NET\bin\Debug\OSGi.NET.xml

Copying XML comments files
    E:\Work\OSGi.NET\OSGi.NET\bin\Debug\OSGi.NET.XML -&gt; E:\Work\OSGi.NET\Help\Help\Working\OSGi.NET.XML
</buildStep>
<buildStep step="GenerateSharedContent">
Generating shared content files (zh-CN, 中文(简体，中国))...
SHFB: Warning BE0003: Sandcastle shared content for the &#39;zh-CN, 中文(简体，中国)&#39; language could not be found.  Using &#39;en-US, English (US)&#39; defaults.
<plugIn name="Lightweight Website Style" behavior="After" priority="1000">
</plugIn>    Last step completed in 00:00:00.2031
</buildStep>
<buildStep step="GenerateApiFilter">
Generating API filter for MRefBuilder...
    Last step completed in 00:00:00.0156
</buildStep>
<buildStep step="GenerateReflectionInfo">
Generating reflection information...
[C:\Windows\Microsoft.NET\Framework64\v4.0.30319\MSBuild.exe]
生成启动时间为 2015/3/19 9:41:43。
节点 1 上的项目“E:\Work\OSGi.NET\Help\Help\Working\GenerateRefInfo.proj”(默认目标)。
PrepareForBuild:
  正在创建目录“obj\Debug\”。
GenerateRefInfo:
  MRefBuilder (v2014.5.31.0)
  Copyright ? 2006-2014, Microsoft Corporation, All Rights Reserved.
  Portions Copyright ? 2006-2014, Eric Woodruff, All Rights Reserved.
  Loaded 1 assemblies for reflection and 1 dependency assemblies.
  Wrote information on 7 namespaces, 18 types, and 100 members
  正在将文件从“reflection.org”复制到“reflection.all”。
  XslTransform (v2014.5.31.0)
  Copyright ? 2006-2014, Microsoft Corporation, All Rights Reserved.
  Portions Copyright ? 2006-2014, Eric Woodruff, All Rights Reserved.
  Applying XSL transformation &#39;D:\Sandcastle Help File Builder\ProductionTransforms\MergeDuplicates.xsl&#39;.
已完成生成项目“E:\Work\OSGi.NET\Help\Help\Working\GenerateRefInfo.proj”(默认目标)的操作。

已成功生成。

已用时间 00:00:01.45
    Last step completed in 00:00:01.6251
</buildStep>
<buildStep step="TransformReflectionInfo">
Transforming reflection output...
[C:\Windows\Microsoft.NET\Framework64\v4.0.30319\MSBuild.exe]
生成启动时间为 2015/3/19 9:41:44。
节点 1 上的项目“E:\Work\OSGi.NET\Help\Help\Working\TransformManifest.proj”(默认目标)。
TransformManifest:
  XslTransform (v2014.5.31.0)
  Copyright ? 2006-2014, Microsoft Corporation, All Rights Reserved.
  Portions Copyright ? 2006-2014, Eric Woodruff, All Rights Reserved.
  Applying XSL transformation &#39;D:\Sandcastle Help File Builder\ProductionTransforms\ApplyVSDocModel.xsl&#39;.
  正在将文件从“reflection.xml”复制到“reflection.nofilenames”。
  XslTransform (v2014.5.31.0)
  Copyright ? 2006-2014, Microsoft Corporation, All Rights Reserved.
  Portions Copyright ? 2006-2014, Eric Woodruff, All Rights Reserved.
  Applying XSL transformation &#39;D:\Sandcastle Help File Builder\ProductionTransforms\AddFilenames.xsl&#39;.
  XslTransform (v2014.5.31.0)
  Copyright ? 2006-2014, Microsoft Corporation, All Rights Reserved.
  Portions Copyright ? 2006-2014, Eric Woodruff, All Rights Reserved.
  Applying XSL transformation &#39;D:\Sandcastle Help File Builder\ProductionTransforms\ReflectionToManifest.xsl&#39;.
已完成生成项目“E:\Work\OSGi.NET\Help\Help\Working\TransformManifest.proj”(默认目标)的操作。

已成功生成。

已用时间 00:00:01.17
    Last step completed in 00:00:01.3127
</buildStep>
<buildStep step="GenerateNamespaceSummaries">
Generating namespace summary information...
    Last step completed in 00:00:00.0781
</buildStep>
<buildStep step="CopyAdditionalContent">
Copying additional content files...
E:\Work\OSGi.NET\Help\HowToDo.html -&gt; E:\Work\OSGi.NET\Help\Help\Working\Output\HtmlHelp1\HowToDo.html
E:\Work\OSGi.NET\Help\HowToUseActivator.html -&gt; E:\Work\OSGi.NET\Help\Help\Working\Output\HtmlHelp1\HowToUseActivator.html
E:\Work\OSGi.NET\Help\HowToUseExtension.html -&gt; E:\Work\OSGi.NET\Help\Help\Working\Output\HtmlHelp1\HowToUseExtension.html
E:\Work\OSGi.NET\Help\HowToUseService.html -&gt; E:\Work\OSGi.NET\Help\Help\Working\Output\HtmlHelp1\HowToUseService.html
E:\Work\OSGi.NET\Help\Image\ContractImplement.png -&gt; E:\Work\OSGi.NET\Help\Help\Working\Output\HtmlHelp1\Image\ContractImplement.png
E:\Work\OSGi.NET\Help\Image\ContractInterface.png -&gt; E:\Work\OSGi.NET\Help\Help\Working\Output\HtmlHelp1\Image\ContractInterface.png
E:\Work\OSGi.NET\Help\Image\DemoProject.png -&gt; E:\Work\OSGi.NET\Help\Help\Working\Output\HtmlHelp1\Image\DemoProject.png
    Last step completed in 00:00:00.2031
</buildStep>
<buildStep step="MergeTablesOfContents">
Merging conceptual and additional tables of contents...
    Last step completed in 00:00:00.0156
</buildStep>
<buildStep step="GenerateIntermediateTableOfContents">
Generating intermediate table of contents file...
[C:\Windows\Microsoft.NET\Framework64\v4.0.30319\MSBuild.exe]
生成启动时间为 2015/3/19 9:41:46。
节点 1 上的项目“E:\Work\OSGi.NET\Help\Help\Working\GenerateIntermediateTOC.proj”(默认目标)。
GenerateIntermediateTOC:
  XslTransform (v2014.5.31.0)
  Copyright ? 2006-2014, Microsoft Corporation, All Rights Reserved.
  Portions Copyright ? 2006-2014, Eric Woodruff, All Rights Reserved.
  Applying XSL transformation &#39;D:\Sandcastle Help File Builder\ProductionTransforms\CreateVSToc.xsl&#39;.
已完成生成项目“E:\Work\OSGi.NET\Help\Help\Working\GenerateIntermediateTOC.proj”(默认目标)的操作。

已成功生成。

已用时间 00:00:00.25
Generating conceptual content intermediate TOC file...
    Last step completed in 00:00:00.3908
</buildStep>
<buildStep step="CreateBuildAssemblerConfigs">
Creating Sandcastle configuration files...
    sandcastle.config
    Last step completed in 00:00:00.2656
</buildStep>
<buildStep step="MergeCustomConfigs">
Merging custom build component configurations
E:\Work\OSGi.NET\Help\Help\Working\sandcastle.config
    Last step completed in 00:00:00.0469
</buildStep>
<buildStep step="BuildReferenceTopics">
Building reference help topics...
[C:\Windows\Microsoft.NET\Framework64\v4.0.30319\MSBuild.exe]
生成启动时间为 2015/3/19 9:41:47。
节点 1 上的项目“E:\Work\OSGi.NET\Help\Help\Working\BuildReferenceTopics.proj”(默认目标)。
BuildReferenceTopics:
  BuildAssembler (v2014.5.31.0)
  Copyright ? 2006-2014, Microsoft Corporation, All Rights Reserved.
  Portions Copyright ? 2006-2014, Eric Woodruff, All Rights Reserved.
  Loading configuration...
  Processing topics...
BuildAssembler : warning : ShowMissingComponent: [M:OSGi.NET.Core.IBundleActivator.Start(OSGi.NET.Core.IBundleContext)] Missing &lt;param name=&quot;context&quot;/&gt; documentation [E:\Work\OSGi.NET\Help\Help\Working\BuildReferenceTopics.proj]
BuildAssembler : warning : ShowMissingComponent: [M:OSGi.NET.Core.IBundleActivator.Stop(OSGi.NET.Core.IBundleContext)] Missing &lt;param name=&quot;context&quot;/&gt; documentation [E:\Work\OSGi.NET\Help\Help\Working\BuildReferenceTopics.proj]
BuildAssembler : warning : ShowMissingComponent: [M:OSGi.NET.Core.IBundleContext.GetService``1(OSGi.NET.Service.IServiceReference)] Missing &lt;typeparam name=&quot;T&quot;/&gt; documentation [E:\Work\OSGi.NET\Help\Help\Working\BuildReferenceTopics.proj]
BuildAssembler : warning : ShowMissingComponent: [M:OSGi.NET.Core.Root.FrameworkFactory.CreateFramework(System.Collections.Generic.IList{OSGi.NET.Extension.ExtensionData})] Missing &lt;param name=&quot;extensionDatas&quot;/&gt; documentation [E:\Work\OSGi.NET\Help\Help\Working\BuildReferenceTopics.proj]
BuildAssembler : warning : ShowMissingComponent: [M:OSGi.NET.Core.Root.FrameworkFactory.CreateFramework(System.Collections.Generic.IList{OSGi.NET.Extension.ExtensionPoint})] Missing &lt;param name=&quot;extensionPoints&quot;/&gt; documentation [E:\Work\OSGi.NET\Help\Help\Working\BuildReferenceTopics.proj]
BuildAssembler : warning : ShowMissingComponent: [M:OSGi.NET.Core.Root.IFrameworkFactory.CreateFramework(System.Collections.Generic.IList{OSGi.NET.Extension.ExtensionData})] Missing &lt;param name=&quot;extensionDatas&quot;/&gt; documentation [E:\Work\OSGi.NET\Help\Help\Working\BuildReferenceTopics.proj]
BuildAssembler : warning : ShowMissingComponent: [M:OSGi.NET.Core.Root.IFrameworkFactory.CreateFramework(System.Collections.Generic.IList{OSGi.NET.Extension.ExtensionPoint})] Missing &lt;param name=&quot;extensionPoints&quot;/&gt; documentation [E:\Work\OSGi.NET\Help\Help\Working\BuildReferenceTopics.proj]
BuildAssembler : warning : ShowMissingComponent: [M:OSGi.NET.Event.BundleEventArgs.GetBundle] Missing &lt;returns&gt; documentation [E:\Work\OSGi.NET\Help\Help\Working\BuildReferenceTopics.proj]
BuildAssembler : warning : ShowMissingComponent: [M:OSGi.NET.Event.BundleEventArgs.GetState] Missing &lt;returns&gt; documentation [E:\Work\OSGi.NET\Help\Help\Working\BuildReferenceTopics.proj]
BuildAssembler : warning : ShowMissingComponent: [M:OSGi.NET.Event.ExtensionEventArgs.GetExtensionData] Missing &lt;returns&gt; documentation [E:\Work\OSGi.NET\Help\Help\Working\BuildReferenceTopics.proj]
BuildAssembler : warning : ShowMissingComponent: [M:OSGi.NET.Event.ExtensionEventArgs.GetExtensionPoint] Missing &lt;returns&gt; documentation [E:\Work\OSGi.NET\Help\Help\Working\BuildReferenceTopics.proj]
BuildAssembler : warning : ShowMissingComponent: [M:OSGi.NET.Event.ExtensionEventArgs.GetState] Missing &lt;returns&gt; documentation [E:\Work\OSGi.NET\Help\Help\Working\BuildReferenceTopics.proj]
BuildAssembler : warning : ShowMissingComponent: [M:OSGi.NET.Event.ServiceEventArgs.GetSercieContracts] Missing &lt;returns&gt; documentation [E:\Work\OSGi.NET\Help\Help\Working\BuildReferenceTopics.proj]
BuildAssembler : warning : ShowMissingComponent: [M:OSGi.NET.Event.ServiceEventArgs.GetServiceReference] Missing &lt;returns&gt; documentation [E:\Work\OSGi.NET\Help\Help\Working\BuildReferenceTopics.proj]
BuildAssembler : warning : ShowMissingComponent: [M:OSGi.NET.Event.ServiceEventArgs.GetState] Missing &lt;returns&gt; documentation [E:\Work\OSGi.NET\Help\Help\Working\BuildReferenceTopics.proj]
  Processed 154 topic(s)
  15 warning(s)
  CopyFromIndexComponent: &quot;reflection&quot; in-memory cache entries used: 5 of 15.
  CopyFromIndexComponent: &quot;comments&quot; in-memory cache entries used: 2 of 30.
已完成生成项目“E:\Work\OSGi.NET\Help\Help\Working\BuildReferenceTopics.proj”(默认目标)的操作。

已成功生成。

已用时间 00:00:15.45
    Last step completed in 00:00:15.6612
</buildStep>
<buildStep step="CombiningIntermediateTocFiles">
Combining conceptual and API intermediate TOC files...
    Last step completed in 00:00:00.0000
</buildStep>
<buildStep step="ExtractingHtmlInfo">
Extracting HTML info for HTML Help 1 and/or website...
[C:\Windows\Microsoft.NET\Framework64\v4.0.30319\MSBuild.exe]
Sandcastle Help File Builder, version 2014.5.31.0
Copyright ? 2006-2014, Eric Woodruff, All Rights Reserved
E-Mail: Eric@EWoodruff.us

Using LCID &#39;2052&#39;, code page &#39;936&#39;, encoding charset &#39;gb2312&#39;.

Processing Help 1 files in E:\Work\OSGi.NET\Help\Help\Working\Output\HtmlHelp1
Processed 158 HTML files
Sorting keywords and generating See Also indices
Saving HTML Help 1 keyword index to E:\Work\OSGi.NET\Help\Help\Working\Documentation.hhk
Saving HTML Help 1 table of contents to E:\Work\OSGi.NET\Help\Help\Working\Documentation.hhc
    Last step completed in 00:00:00.5156
</buildStep>
<buildStep step="CopyStandardHelpContent">
Copying standard help content...
D:\Sandcastle Help File Builder\PresentationStyles\VS2013\icons\AlertCaution.png -&gt; E:\Work\OSGi.NET\Help\Help\Working\Output\HtmlHelp1\icons\AlertCaution.png
D:\Sandcastle Help File Builder\PresentationStyles\VS2013\icons\AlertNote.png -&gt; E:\Work\OSGi.NET\Help\Help\Working\Output\HtmlHelp1\icons\AlertNote.png
D:\Sandcastle Help File Builder\PresentationStyles\VS2013\icons\AlertSecurity.png -&gt; E:\Work\OSGi.NET\Help\Help\Working\Output\HtmlHelp1\icons\AlertSecurity.png
D:\Sandcastle Help File Builder\PresentationStyles\VS2013\icons\CFW.gif -&gt; E:\Work\OSGi.NET\Help\Help\Working\Output\HtmlHelp1\icons\CFW.gif
D:\Sandcastle Help File Builder\PresentationStyles\VS2013\icons\CodeExample.png -&gt; E:\Work\OSGi.NET\Help\Help\Working\Output\HtmlHelp1\icons\CodeExample.png
D:\Sandcastle Help File Builder\PresentationStyles\VS2013\icons\favicon.ico -&gt; E:\Work\OSGi.NET\Help\Help\Working\Output\HtmlHelp1\icons\favicon.ico
D:\Sandcastle Help File Builder\PresentationStyles\VS2013\icons\privclass.gif -&gt; E:\Work\OSGi.NET\Help\Help\Working\Output\HtmlHelp1\icons\privclass.gif
D:\Sandcastle Help File Builder\PresentationStyles\VS2013\icons\privdelegate.gif -&gt; E:\Work\OSGi.NET\Help\Help\Working\Output\HtmlHelp1\icons\privdelegate.gif
D:\Sandcastle Help File Builder\PresentationStyles\VS2013\icons\privenumeration.gif -&gt; E:\Work\OSGi.NET\Help\Help\Working\Output\HtmlHelp1\icons\privenumeration.gif
D:\Sandcastle Help File Builder\PresentationStyles\VS2013\icons\privevent.gif -&gt; E:\Work\OSGi.NET\Help\Help\Working\Output\HtmlHelp1\icons\privevent.gif
D:\Sandcastle Help File Builder\PresentationStyles\VS2013\icons\privextension.gif -&gt; E:\Work\OSGi.NET\Help\Help\Working\Output\HtmlHelp1\icons\privextension.gif
D:\Sandcastle Help File Builder\PresentationStyles\VS2013\icons\privfield.gif -&gt; E:\Work\OSGi.NET\Help\Help\Working\Output\HtmlHelp1\icons\privfield.gif
D:\Sandcastle Help File Builder\PresentationStyles\VS2013\icons\privinterface.gif -&gt; E:\Work\OSGi.NET\Help\Help\Working\Output\HtmlHelp1\icons\privinterface.gif
D:\Sandcastle Help File Builder\PresentationStyles\VS2013\icons\privmethod.gif -&gt; E:\Work\OSGi.NET\Help\Help\Working\Output\HtmlHelp1\icons\privmethod.gif
D:\Sandcastle Help File Builder\PresentationStyles\VS2013\icons\privproperty.gif -&gt; E:\Work\OSGi.NET\Help\Help\Working\Output\HtmlHelp1\icons\privproperty.gif
D:\Sandcastle Help File Builder\PresentationStyles\VS2013\icons\privstructure.gif -&gt; E:\Work\OSGi.NET\Help\Help\Working\Output\HtmlHelp1\icons\privstructure.gif
D:\Sandcastle Help File Builder\PresentationStyles\VS2013\icons\protclass.gif -&gt; E:\Work\OSGi.NET\Help\Help\Working\Output\HtmlHelp1\icons\protclass.gif
D:\Sandcastle Help File Builder\PresentationStyles\VS2013\icons\protdelegate.gif -&gt; E:\Work\OSGi.NET\Help\Help\Working\Output\HtmlHelp1\icons\protdelegate.gif
D:\Sandcastle Help File Builder\PresentationStyles\VS2013\icons\protenumeration.gif -&gt; E:\Work\OSGi.NET\Help\Help\Working\Output\HtmlHelp1\icons\protenumeration.gif
D:\Sandcastle Help File Builder\PresentationStyles\VS2013\icons\protevent.gif -&gt; E:\Work\OSGi.NET\Help\Help\Working\Output\HtmlHelp1\icons\protevent.gif
D:\Sandcastle Help File Builder\PresentationStyles\VS2013\icons\protextension.gif -&gt; E:\Work\OSGi.NET\Help\Help\Working\Output\HtmlHelp1\icons\protextension.gif
D:\Sandcastle Help File Builder\PresentationStyles\VS2013\icons\protfield.gif -&gt; E:\Work\OSGi.NET\Help\Help\Working\Output\HtmlHelp1\icons\protfield.gif
D:\Sandcastle Help File Builder\PresentationStyles\VS2013\icons\protinterface.gif -&gt; E:\Work\OSGi.NET\Help\Help\Working\Output\HtmlHelp1\icons\protinterface.gif
D:\Sandcastle Help File Builder\PresentationStyles\VS2013\icons\protmethod.gif -&gt; E:\Work\OSGi.NET\Help\Help\Working\Output\HtmlHelp1\icons\protmethod.gif
D:\Sandcastle Help File Builder\PresentationStyles\VS2013\icons\protoperator.gif -&gt; E:\Work\OSGi.NET\Help\Help\Working\Output\HtmlHelp1\icons\protoperator.gif
D:\Sandcastle Help File Builder\PresentationStyles\VS2013\icons\protproperty.gif -&gt; E:\Work\OSGi.NET\Help\Help\Working\Output\HtmlHelp1\icons\protproperty.gif
D:\Sandcastle Help File Builder\PresentationStyles\VS2013\icons\protstructure.gif -&gt; E:\Work\OSGi.NET\Help\Help\Working\Output\HtmlHelp1\icons\protstructure.gif
D:\Sandcastle Help File Builder\PresentationStyles\VS2013\icons\pubclass.gif -&gt; E:\Work\OSGi.NET\Help\Help\Working\Output\HtmlHelp1\icons\pubclass.gif
D:\Sandcastle Help File Builder\PresentationStyles\VS2013\icons\pubdelegate.gif -&gt; E:\Work\OSGi.NET\Help\Help\Working\Output\HtmlHelp1\icons\pubdelegate.gif
D:\Sandcastle Help File Builder\PresentationStyles\VS2013\icons\pubenumeration.gif -&gt; E:\Work\OSGi.NET\Help\Help\Working\Output\HtmlHelp1\icons\pubenumeration.gif
D:\Sandcastle Help File Builder\PresentationStyles\VS2013\icons\pubevent.gif -&gt; E:\Work\OSGi.NET\Help\Help\Working\Output\HtmlHelp1\icons\pubevent.gif
D:\Sandcastle Help File Builder\PresentationStyles\VS2013\icons\pubextension.gif -&gt; E:\Work\OSGi.NET\Help\Help\Working\Output\HtmlHelp1\icons\pubextension.gif
D:\Sandcastle Help File Builder\PresentationStyles\VS2013\icons\pubfield.gif -&gt; E:\Work\OSGi.NET\Help\Help\Working\Output\HtmlHelp1\icons\pubfield.gif
D:\Sandcastle Help File Builder\PresentationStyles\VS2013\icons\pubinterface.gif -&gt; E:\Work\OSGi.NET\Help\Help\Working\Output\HtmlHelp1\icons\pubinterface.gif
D:\Sandcastle Help File Builder\PresentationStyles\VS2013\icons\pubmethod.gif -&gt; E:\Work\OSGi.NET\Help\Help\Working\Output\HtmlHelp1\icons\pubmethod.gif
D:\Sandcastle Help File Builder\PresentationStyles\VS2013\icons\puboperator.gif -&gt; E:\Work\OSGi.NET\Help\Help\Working\Output\HtmlHelp1\icons\puboperator.gif
D:\Sandcastle Help File Builder\PresentationStyles\VS2013\icons\pubproperty.gif -&gt; E:\Work\OSGi.NET\Help\Help\Working\Output\HtmlHelp1\icons\pubproperty.gif
D:\Sandcastle Help File Builder\PresentationStyles\VS2013\icons\pubstructure.gif -&gt; E:\Work\OSGi.NET\Help\Help\Working\Output\HtmlHelp1\icons\pubstructure.gif
D:\Sandcastle Help File Builder\PresentationStyles\VS2013\icons\SectionCollapsed.png -&gt; E:\Work\OSGi.NET\Help\Help\Working\Output\HtmlHelp1\icons\SectionCollapsed.png
D:\Sandcastle Help File Builder\PresentationStyles\VS2013\icons\SectionExpanded.png -&gt; E:\Work\OSGi.NET\Help\Help\Working\Output\HtmlHelp1\icons\SectionExpanded.png
D:\Sandcastle Help File Builder\PresentationStyles\VS2013\icons\slMobile.gif -&gt; E:\Work\OSGi.NET\Help\Help\Working\Output\HtmlHelp1\icons\slMobile.gif
D:\Sandcastle Help File Builder\PresentationStyles\VS2013\icons\static.gif -&gt; E:\Work\OSGi.NET\Help\Help\Working\Output\HtmlHelp1\icons\static.gif
D:\Sandcastle Help File Builder\PresentationStyles\VS2013\icons\xna.gif -&gt; E:\Work\OSGi.NET\Help\Help\Working\Output\HtmlHelp1\icons\xna.gif
D:\Sandcastle Help File Builder\PresentationStyles\VS2013\scripts\branding.js -&gt; E:\Work\OSGi.NET\Help\Help\Working\Output\HtmlHelp1\scripts\branding.js
D:\Sandcastle Help File Builder\PresentationStyles\VS2013\styles\branding-cs-CZ.css -&gt; E:\Work\OSGi.NET\Help\Help\Working\Output\HtmlHelp1\styles\branding-cs-CZ.css
D:\Sandcastle Help File Builder\PresentationStyles\VS2013\styles\branding-de-DE.css -&gt; E:\Work\OSGi.NET\Help\Help\Working\Output\HtmlHelp1\styles\branding-de-DE.css
D:\Sandcastle Help File Builder\PresentationStyles\VS2013\styles\branding-en-US.css -&gt; E:\Work\OSGi.NET\Help\Help\Working\Output\HtmlHelp1\styles\branding-en-US.css
D:\Sandcastle Help File Builder\PresentationStyles\VS2013\styles\branding-es-ES.css -&gt; E:\Work\OSGi.NET\Help\Help\Working\Output\HtmlHelp1\styles\branding-es-ES.css
D:\Sandcastle Help File Builder\PresentationStyles\VS2013\styles\branding-fr-FR.css -&gt; E:\Work\OSGi.NET\Help\Help\Working\Output\HtmlHelp1\styles\branding-fr-FR.css
D:\Sandcastle Help File Builder\PresentationStyles\VS2013\styles\branding-Help1.css -&gt; E:\Work\OSGi.NET\Help\Help\Working\Output\HtmlHelp1\styles\branding-Help1.css
D:\Sandcastle Help File Builder\PresentationStyles\VS2013\styles\branding-Help2.css -&gt; E:\Work\OSGi.NET\Help\Help\Working\Output\HtmlHelp1\styles\branding-Help2.css
D:\Sandcastle Help File Builder\PresentationStyles\VS2013\styles\branding-HelpViewer.css -&gt; E:\Work\OSGi.NET\Help\Help\Working\Output\HtmlHelp1\styles\branding-HelpViewer.css
D:\Sandcastle Help File Builder\PresentationStyles\VS2013\styles\branding-it-IT.css -&gt; E:\Work\OSGi.NET\Help\Help\Working\Output\HtmlHelp1\styles\branding-it-IT.css
D:\Sandcastle Help File Builder\PresentationStyles\VS2013\styles\branding-ja-JP.css -&gt; E:\Work\OSGi.NET\Help\Help\Working\Output\HtmlHelp1\styles\branding-ja-JP.css
D:\Sandcastle Help File Builder\PresentationStyles\VS2013\styles\branding-ko-KR.css -&gt; E:\Work\OSGi.NET\Help\Help\Working\Output\HtmlHelp1\styles\branding-ko-KR.css
D:\Sandcastle Help File Builder\PresentationStyles\VS2013\styles\branding-pl-PL.css -&gt; E:\Work\OSGi.NET\Help\Help\Working\Output\HtmlHelp1\styles\branding-pl-PL.css
D:\Sandcastle Help File Builder\PresentationStyles\VS2013\styles\branding-pt-BR.css -&gt; E:\Work\OSGi.NET\Help\Help\Working\Output\HtmlHelp1\styles\branding-pt-BR.css
D:\Sandcastle Help File Builder\PresentationStyles\VS2013\styles\branding-ru-RU.css -&gt; E:\Work\OSGi.NET\Help\Help\Working\Output\HtmlHelp1\styles\branding-ru-RU.css
D:\Sandcastle Help File Builder\PresentationStyles\VS2013\styles\branding-tr-TR.css -&gt; E:\Work\OSGi.NET\Help\Help\Working\Output\HtmlHelp1\styles\branding-tr-TR.css
D:\Sandcastle Help File Builder\PresentationStyles\VS2013\styles\branding-Website.css -&gt; E:\Work\OSGi.NET\Help\Help\Working\Output\HtmlHelp1\styles\branding-Website.css
D:\Sandcastle Help File Builder\PresentationStyles\VS2013\styles\branding-zh-CN.css -&gt; E:\Work\OSGi.NET\Help\Help\Working\Output\HtmlHelp1\styles\branding-zh-CN.css
D:\Sandcastle Help File Builder\PresentationStyles\VS2013\styles\branding-zh-TW.css -&gt; E:\Work\OSGi.NET\Help\Help\Working\Output\HtmlHelp1\styles\branding-zh-TW.css
D:\Sandcastle Help File Builder\PresentationStyles\VS2013\styles\branding.css -&gt; E:\Work\OSGi.NET\Help\Help\Working\Output\HtmlHelp1\styles\branding.css
    Last step completed in 00:00:00.6563
</buildStep>
<buildStep step="GenerateHelpFormatTableOfContents">
Generating HTML Help 1 table of contents file...
    Last step completed in 00:00:00.0000
</buildStep>
<buildStep step="GenerateHelpFileIndex">
Generating HTML Help 1 index file...
    Last step completed in 00:00:00.0000
</buildStep>
<buildStep step="GenerateHelpProject">
Generating HTML Help 1 project file...
    Last step completed in 00:00:00.0156
</buildStep>
<buildStep step="CompilingHelpFile">
Compiling HTML Help 1 file...
[C:\Windows\Microsoft.NET\Framework64\v4.0.30319\MSBuild.exe]
  Microsoft HTML Help Compiler 4.74.8702
  
  
  
  Compiling e:\Work\OSGi.NET\Help\Help\Working\Output\HtmlHelp1\Documentation.chm
  
  
  
  
  
  Compile time: 0 minutes, 3 seconds
  
  160	Topics
  
  1,625	Local links
  
  104	Internet links
  
  0	Graphics
  
  
  
  
  
  Created e:\Work\OSGi.NET\Help\Help\Working\Output\HtmlHelp1\Documentation.chm, 218,557 bytes
  
  Compression decreased file by 908,065 bytes.
  
    Last step completed in 00:00:04.9852
</buildStep>
<buildStep step="CleanIntermediates">
Removing intermediate files...
    Last step completed in 00:00:00.3281
</buildStep>
<buildStep step="Completed">

Build completed successfully at 03/19/2015 09:42 上午.  Total time: 00:00:27.3190

</buildStep>
</shfbBuild>
