2014-08-07 15:13:08,628 [1] DEBUG OSGi.NET.Core.Root.Framework [(null)] - 框架读取元数据信息！
2014-08-07 15:13:13,820 [1] DEBUG OSGi.NET.Core.Root.Framework [(null)] - 框架初始化开始！
2014-08-07 15:13:13,850 [1] DEBUG OSGi.NET.Core.Root.Framework [(null)] - 框架读取配置！
2014-08-07 15:13:13,857 [1] DEBUG OSGi.NET.Core.Root.Framework [(null)] - 框架加载共享程序集！
2014-08-07 15:13:14,438 [1] DEBUG OSGi.NET.Core.Root.Framework [(null)] - 框架加载共享程序集[DevExpress.Charts.v13.2.Core]！
2014-08-07 15:13:14,749 [1] DEBUG OSGi.NET.Core.Root.Framework [(null)] - 框架加载共享程序集[DevExpress.Data.v13.2]！
2014-08-07 15:13:15,120 [1] DEBUG OSGi.NET.Core.Root.Framework [(null)] - 框架加载共享程序集[DevExpress.Images.v13.2]！
2014-08-07 15:13:15,173 [1] DEBUG OSGi.NET.Core.Root.Framework [(null)] - 框架加载共享程序集[DevExpress.Map.v13.2.Core]！
2014-08-07 15:13:15,488 [1] DEBUG OSGi.NET.Core.Root.Framework [(null)] - 框架加载共享程序集[DevExpress.Xpf.Charts.v13.2]！
2014-08-07 15:13:15,907 [1] DEBUG OSGi.NET.Core.Root.Framework [(null)] - 框架加载共享程序集[DevExpress.Xpf.Core.v13.2]！
2014-08-07 15:13:16,040 [1] DEBUG OSGi.NET.Core.Root.Framework [(null)] - 框架加载共享程序集[DevExpress.Xpf.Map.v13.2]！
2014-08-07 15:13:16,096 [1] DEBUG OSGi.NET.Core.Root.Framework [(null)] - 框架加载共享程序集[DevExpress.Xpf.Mvvm.v13.2]！
2014-08-07 15:13:16,190 [1] DEBUG OSGi.NET.Core.Root.Framework [(null)] - 框架加载共享程序集[DevExpress.Xpf.NavBar.v13.2]！
2014-08-07 15:13:16,231 [1] DEBUG OSGi.NET.Core.Root.Framework [(null)] - 框架加载共享程序集[WpfServiceContract]！
2014-08-07 15:13:16,237 [1] DEBUG OSGi.NET.Core.Root.Framework [(null)] - 框架关联共享程序集[WpfDemo]！
2014-08-07 15:13:16,239 [1] DEBUG OSGi.NET.Core.Root.Framework [(null)] - 框架关联共享程序集[log4net]！
2014-08-07 15:13:16,241 [1] DEBUG OSGi.NET.Core.Root.Framework [(null)] - 框架关联共享程序集[PresentationFramework.Classic]！
2014-08-07 15:13:16,243 [1] DEBUG OSGi.NET.Core.Root.Framework [(null)] - 框架关联共享程序集[PresentationCore.resources]！
2014-08-07 15:13:16,245 [1] DEBUG OSGi.NET.Core.Root.Framework [(null)] - 框架关联共享程序集[UIAutomationTypes]！
2014-08-07 15:13:16,247 [1] DEBUG OSGi.NET.Core.Root.Framework [(null)] - 框架关联共享程序集[Mono.Cecil]！
2014-08-07 15:13:16,252 [1] DEBUG OSGi.NET.Core.Root.Framework [(null)] - 框架读取模块信息！
2014-08-07 15:13:16,812 [1] DEBUG OSGi.NET.Core.Bundle [(null)] - 模块读取元数据信息！
2014-08-07 15:13:17,154 [1] DEBUG OSGi.NET.Core.Bundle [(null)] - 模块读取元数据信息！
2014-08-07 15:13:17,232 [1] DEBUG OSGi.NET.Core.Bundle [(null)] - 模块读取元数据信息！
2014-08-07 15:13:17,307 [1] DEBUG OSGi.NET.Core.Bundle [(null)] - 模块读取元数据信息！
2014-08-07 15:13:17,388 [1] DEBUG OSGi.NET.Core.Root.Framework [(null)] - 框架初始化结束！
2014-08-07 15:13:17,516 [1] DEBUG OSGi.NET.Core.Root.Framework [(null)] - 框架启动开始！
2014-08-07 15:13:17,540 [1] DEBUG OSGi.NET.Core.Bundle [(null)] - 模块WpfLeftMenu启动开始！
2014-08-07 15:13:17,542 [1] DEBUG OSGi.NET.Core.Bundle [(null)] - 模块WpfLeftMenu加载开始！
2014-08-07 15:13:17,547 [1] DEBUG OSGi.NET.Core.Bundle [(null)] - 加载相关依赖模块！
2014-08-07 15:13:17,590 [1] DEBUG OSGi.NET.Core.Bundle [(null)] - 模块加载自身程序集！
2014-08-07 15:13:17,625 [1] DEBUG OSGi.NET.Core.Bundle [(null)] - 模块关联共享库程序集[WpfServiceContract]！
2014-08-07 15:13:17,627 [1] DEBUG OSGi.NET.Core.Bundle [(null)] - 模块关联共享库程序集[DevExpress.Xpf.NavBar.v13.2]！
2014-08-07 15:13:18,584 [1] DEBUG OSGi.NET.Core.Bundle [(null)] - 模块搜索激活器！
2014-08-07 15:13:18,585 [1] DEBUG OSGi.NET.Core.Bundle [(null)] - 模块WpfLeftMenu加载结束！
2014-08-07 15:13:18,587 [1] DEBUG OSGi.NET.Core.Bundle [(null)] - 激活器启动！
2014-08-07 15:13:21,784 [1] DEBUG OSGi.NET.Core.Bundle [(null)] - 加载扩展点数据！
2014-08-07 15:13:21,791 [1] DEBUG OSGi.NET.Core.Bundle [(null)] - 扩展点加载开始！
2014-08-07 15:13:21,800 [1] DEBUG OSGi.NET.Core.Bundle [(null)] - 扩展点加载结束！
2014-08-07 15:13:21,801 [1] DEBUG OSGi.NET.Core.Bundle [(null)] - 模块WpfLeftMenu启动结束！
2014-08-07 15:13:21,802 [1] DEBUG OSGi.NET.Core.Bundle [(null)] - 模块WpfRightContent启动开始！
2014-08-07 15:13:21,803 [1] DEBUG OSGi.NET.Core.Bundle [(null)] - 模块WpfRightContent加载开始！
2014-08-07 15:13:21,804 [1] DEBUG OSGi.NET.Core.Bundle [(null)] - 加载相关依赖模块！
2014-08-07 15:13:21,805 [1] DEBUG OSGi.NET.Core.Bundle [(null)] - 模块加载自身程序集！
2014-08-07 15:13:21,807 [1] DEBUG OSGi.NET.Core.Bundle [(null)] - 模块关联共享库程序集[WpfServiceContract]！
2014-08-07 15:13:21,839 [1] DEBUG OSGi.NET.Core.Bundle [(null)] - 模块搜索激活器！
2014-08-07 15:13:21,841 [1] DEBUG OSGi.NET.Core.Bundle [(null)] - 模块WpfRightContent加载结束！
2014-08-07 15:13:21,842 [1] DEBUG OSGi.NET.Core.Bundle [(null)] - 激活器启动！
2014-08-07 15:13:23,398 [1] DEBUG OSGi.NET.Core.Bundle [(null)] - 加载扩展点数据！
2014-08-07 15:13:23,400 [1] DEBUG OSGi.NET.Core.Bundle [(null)] - 扩展点加载开始！
2014-08-07 15:13:23,401 [1] DEBUG OSGi.NET.Core.Bundle [(null)] - 扩展点加载结束！
2014-08-07 15:13:23,402 [1] DEBUG OSGi.NET.Core.Bundle [(null)] - 模块WpfRightContent启动结束！
2014-08-07 15:13:23,404 [1] DEBUG OSGi.NET.Core.Bundle [(null)] - 模块WpfTopMenuContent启动开始！
2014-08-07 15:13:23,405 [1] DEBUG OSGi.NET.Core.Bundle [(null)] - 模块WpfTopMenuContent加载开始！
2014-08-07 15:13:23,407 [1] DEBUG OSGi.NET.Core.Bundle [(null)] - 加载相关依赖模块！
2014-08-07 15:13:23,408 [1] DEBUG OSGi.NET.Core.Bundle [(null)] - 模块加载自身程序集！
2014-08-07 15:13:23,410 [1] DEBUG OSGi.NET.Core.Bundle [(null)] - 模块关联共享库程序集[WpfServiceContract]！
2014-08-07 15:13:23,445 [1] DEBUG OSGi.NET.Core.Bundle [(null)] - 模块搜索激活器！
2014-08-07 15:13:23,446 [1] DEBUG OSGi.NET.Core.Bundle [(null)] - 模块WpfTopMenuContent加载结束！
2014-08-07 15:13:23,447 [1] DEBUG OSGi.NET.Core.Bundle [(null)] - 激活器启动！
2014-08-07 15:13:23,449 [1] DEBUG OSGi.NET.Core.Bundle [(null)] - 加载扩展点数据！
2014-08-07 15:13:23,451 [1] DEBUG OSGi.NET.Core.Bundle [(null)] - 扩展点加载开始！
2014-08-07 15:13:23,454 [1] DEBUG OSGi.NET.Core.Bundle [(null)] - 扩展点WpfLeftMenu.TopMenuExtension加载！
2014-08-07 15:13:23,487 [1] DEBUG OSGi.NET.Core.Bundle [(null)] - 扩展点加载结束！
2014-08-07 15:13:23,489 [1] DEBUG OSGi.NET.Core.Bundle [(null)] - 模块WpfTopMenuContent启动结束！
2014-08-07 15:13:23,491 [1] DEBUG OSGi.NET.Core.Bundle [(null)] - 模块OSGiClientAgent启动开始！
2014-08-07 15:13:23,492 [1] DEBUG OSGi.NET.Core.Bundle [(null)] - 模块OSGiClientAgent加载开始！
2014-08-07 15:13:23,493 [1] DEBUG OSGi.NET.Core.Bundle [(null)] - 加载相关依赖模块！
2014-08-07 15:13:23,495 [1] DEBUG OSGi.NET.Core.Bundle [(null)] - 模块加载自身程序集！
2014-08-07 15:13:23,763 [1] DEBUG OSGi.NET.Core.Bundle [(null)] - 模块加载依赖程序集[RestSharp]！
2014-08-07 15:13:23,764 [1] DEBUG OSGi.NET.Core.Bundle [(null)] - 模块关联自身库程序集[RestSharp]！
2014-08-07 15:13:23,892 [1] DEBUG OSGi.NET.Core.Bundle [(null)] - 模块加载依赖程序集[Fleck]！
2014-08-07 15:13:23,894 [1] DEBUG OSGi.NET.Core.Bundle [(null)] - 模块关联自身库程序集[Fleck]！
2014-08-07 15:13:23,933 [1] DEBUG OSGi.NET.Core.Bundle [(null)] - 模块搜索激活器！
2014-08-07 15:13:23,935 [1] DEBUG OSGi.NET.Core.Bundle [(null)] - 模块OSGiClientAgent加载结束！
2014-08-07 15:13:23,936 [1] DEBUG OSGi.NET.Core.Bundle [(null)] - 激活器启动！
2014-08-07 15:13:24,171 [1] DEBUG OSGi.NET.Core.Bundle [(null)] - 加载扩展点数据！
2014-08-07 15:13:24,173 [1] DEBUG OSGi.NET.Core.Bundle [(null)] - 扩展点加载开始！
2014-08-07 15:13:24,174 [1] DEBUG OSGi.NET.Core.Bundle [(null)] - 扩展点加载结束！
2014-08-07 15:13:24,175 [1] DEBUG OSGi.NET.Core.Bundle [(null)] - 模块OSGiClientAgent启动结束！
2014-08-07 15:13:24,176 [1] DEBUG OSGi.NET.Core.Root.Framework [(null)] - 框架启动完成！
2014-08-07 15:25:52,365 [1] DEBUG OSGi.NET.Core.Root.Framework [(null)] - 框架停止开始！
2014-08-07 15:25:52,369 [1] DEBUG OSGi.NET.Core.Bundle [(null)] - 模块WpfLeftMenu停止开始！
2014-08-07 15:25:52,370 [1] DEBUG OSGi.NET.Core.Bundle [(null)] - 卸载扩展点数据！
2014-08-07 15:25:52,375 [1] DEBUG OSGi.NET.Core.Bundle [(null)] - 扩展点卸载开始
2014-08-07 15:25:52,377 [1] DEBUG OSGi.NET.Core.Bundle [(null)] - 扩展点卸载停止
2014-08-07 15:25:52,378 [1] DEBUG OSGi.NET.Core.Bundle [(null)] - 激活器停止
2014-08-07 15:25:52,387 [1] DEBUG OSGi.NET.Core.Bundle [(null)] - 模块WpfLeftMenu停止结束！
2014-08-07 15:25:52,389 [1] DEBUG OSGi.NET.Core.Bundle [(null)] - 模块WpfRightContent停止开始！
2014-08-07 15:25:52,390 [1] DEBUG OSGi.NET.Core.Bundle [(null)] - 卸载扩展点数据！
2014-08-07 15:25:52,391 [1] DEBUG OSGi.NET.Core.Bundle [(null)] - 扩展点卸载开始
2014-08-07 15:25:52,393 [1] DEBUG OSGi.NET.Core.Bundle [(null)] - 扩展点卸载停止
2014-08-07 15:25:52,394 [1] DEBUG OSGi.NET.Core.Bundle [(null)] - 激活器停止
2014-08-07 15:25:52,397 [1] DEBUG OSGi.NET.Core.Bundle [(null)] - 模块WpfRightContent停止结束！
2014-08-07 15:25:52,398 [1] DEBUG OSGi.NET.Core.Bundle [(null)] - 模块WpfTopMenuContent停止开始！
2014-08-07 15:25:52,400 [1] DEBUG OSGi.NET.Core.Bundle [(null)] - 卸载扩展点数据！
2014-08-07 15:25:52,401 [1] DEBUG OSGi.NET.Core.Bundle [(null)] - 扩展点卸载开始
2014-08-07 15:25:52,402 [1] DEBUG OSGi.NET.Core.Bundle [(null)] - 扩展点卸载停止
2014-08-07 15:25:52,404 [1] DEBUG OSGi.NET.Core.Bundle [(null)] - 激活器停止
2014-08-07 15:25:52,406 [1] DEBUG OSGi.NET.Core.Bundle [(null)] - 模块WpfTopMenuContent停止结束！
2014-08-07 15:25:52,407 [1] DEBUG OSGi.NET.Core.Bundle [(null)] - 模块OSGiClientAgent停止开始！
2014-08-07 15:25:52,408 [1] DEBUG OSGi.NET.Core.Bundle [(null)] - 卸载扩展点数据！
2014-08-07 15:25:52,409 [1] DEBUG OSGi.NET.Core.Bundle [(null)] - 扩展点卸载开始
2014-08-07 15:25:52,411 [1] DEBUG OSGi.NET.Core.Bundle [(null)] - 扩展点卸载停止
2014-08-07 15:25:52,412 [1] DEBUG OSGi.NET.Core.Bundle [(null)] - 激活器停止
2014-08-07 15:25:52,668 [1] DEBUG OSGi.NET.Core.Bundle [(null)] - 模块OSGiClientAgent停止结束！
2014-08-07 15:25:52,669 [1] DEBUG OSGi.NET.Core.Root.Framework [(null)] - 框架停止完成！
