2014-09-17 17:55:09,994 [10] DEBUG OSGi.NET.Core.Root.Framework [(null)] - 框架读取元数据信息！
2014-09-17 17:55:13,138 [10] DEBUG OSGi.NET.Core.Root.Framework [(null)] - 框架初始化开始！
2014-09-17 17:55:13,142 [10] DEBUG OSGi.NET.Core.Root.Framework [(null)] - 框架读取配置！
2014-09-17 17:55:13,149 [10] DEBUG OSGi.NET.Core.Root.Framework [(null)] - 框架加载共享程序集！
2014-09-17 17:55:13,326 [10] DEBUG OSGi.NET.Core.Root.Framework [(null)] - 框架加载共享程序集[DevExpress.Charts.v13.2.Core]！
2014-09-17 17:55:13,503 [10] DEBUG OSGi.NET.Core.Root.Framework [(null)] - 框架加载共享程序集[DevExpress.Data.v13.2]！
2014-09-17 17:55:13,635 [10] DEBUG OSGi.NET.Core.Root.Framework [(null)] - 框架加载共享程序集[DevExpress.Images.v13.2]！
2014-09-17 17:55:13,778 [10] DEBUG OSGi.NET.Core.Root.Framework [(null)] - 框架加载共享程序集[DevExpress.Map.v13.2.Core]！
2014-09-17 17:55:13,864 [10] DEBUG OSGi.NET.Core.Root.Framework [(null)] - 框架加载共享程序集[DevExpress.Xpf.Charts.v13.2]！
2014-09-17 17:55:13,994 [10] DEBUG OSGi.NET.Core.Root.Framework [(null)] - 框架加载共享程序集[DevExpress.Xpf.Core.v13.2]！
2014-09-17 17:55:14,033 [10] DEBUG OSGi.NET.Core.Root.Framework [(null)] - 框架加载共享程序集[DevExpress.Xpf.Map.v13.2]！
2014-09-17 17:55:14,199 [10] DEBUG OSGi.NET.Core.Root.Framework [(null)] - 框架加载共享程序集[DevExpress.Xpf.Mvvm.v13.2]！
2014-09-17 17:55:14,232 [10] DEBUG OSGi.NET.Core.Root.Framework [(null)] - 框架加载共享程序集[DevExpress.Xpf.NavBar.v13.2]！
2014-09-17 17:55:14,271 [10] DEBUG OSGi.NET.Core.Root.Framework [(null)] - 框架加载共享程序集[WpfServiceContract]！
2014-09-17 17:55:14,278 [10] DEBUG OSGi.NET.Core.Root.Framework [(null)] - 框架关联共享程序集[Microsoft.VisualStudio.HostingProcess.Utilities]！
2014-09-17 17:55:14,280 [10] DEBUG OSGi.NET.Core.Root.Framework [(null)] - 框架关联共享程序集[Microsoft.VisualStudio.HostingProcess.Utilities.Sync]！
2014-09-17 17:55:14,282 [10] DEBUG OSGi.NET.Core.Root.Framework [(null)] - 框架关联共享程序集[Microsoft.VisualStudio.Debugger.Runtime]！
2014-09-17 17:55:14,285 [10] DEBUG OSGi.NET.Core.Root.Framework [(null)] - 框架关联共享程序集[vshost]！
2014-09-17 17:55:14,287 [10] DEBUG OSGi.NET.Core.Root.Framework [(null)] - 框架关联共享程序集[Microsoft.CSharp]！
2014-09-17 17:55:14,290 [10] DEBUG OSGi.NET.Core.Root.Framework [(null)] - 框架关联共享程序集[UIAutomationProvider]！
2014-09-17 17:55:14,292 [10] DEBUG OSGi.NET.Core.Root.Framework [(null)] - 框架关联共享程序集[UIAutomationTypes]！
2014-09-17 17:55:14,343 [10] DEBUG OSGi.NET.Core.Root.Framework [(null)] - 框架关联共享程序集[mscorlib.resources]！
2014-09-17 17:55:14,344 [10] DEBUG OSGi.NET.Core.Root.Framework [(null)] - 框架关联共享程序集[WpfDemo]！
2014-09-17 17:55:14,346 [10] DEBUG OSGi.NET.Core.Root.Framework [(null)] - 框架关联共享程序集[log4net]！
2014-09-17 17:55:14,348 [10] DEBUG OSGi.NET.Core.Root.Framework [(null)] - 框架关联共享程序集[PresentationFramework.Classic]！
2014-09-17 17:55:14,350 [10] DEBUG OSGi.NET.Core.Root.Framework [(null)] - 框架关联共享程序集[PresentationCore.resources]！
2014-09-17 17:55:14,352 [10] DEBUG OSGi.NET.Core.Root.Framework [(null)] - 框架关联共享程序集[Mono.Cecil]！
2014-09-17 17:55:14,358 [10] DEBUG OSGi.NET.Core.Root.Framework [(null)] - 框架读取模块信息！
2014-09-17 17:55:14,429 [10] DEBUG OSGi.NET.Core.Bundle [(null)] - 模块读取元数据信息！
2014-09-17 17:55:14,667 [10] DEBUG OSGi.NET.Core.Bundle [(null)] - 模块读取元数据信息！
2014-09-17 17:55:14,791 [10] DEBUG OSGi.NET.Core.Bundle [(null)] - 模块读取元数据信息！
2014-09-17 17:55:14,923 [10] DEBUG OSGi.NET.Core.Bundle [(null)] - 模块读取元数据信息！
2014-09-17 17:55:14,989 [10] DEBUG OSGi.NET.Core.Root.Framework [(null)] - 框架初始化结束！
2014-09-17 17:55:15,170 [10] DEBUG OSGi.NET.Core.Root.Framework [(null)] - 框架启动开始！
2014-09-17 17:55:15,197 [10] DEBUG OSGi.NET.Core.Bundle [(null)] - 模块WpfLeftMenu启动开始！
2014-09-17 17:55:15,200 [10] DEBUG OSGi.NET.Core.Bundle [(null)] - 模块WpfLeftMenu加载开始！
2014-09-17 17:55:15,206 [10] DEBUG OSGi.NET.Core.Bundle [(null)] - 加载相关依赖模块！
2014-09-17 17:55:15,218 [10] DEBUG OSGi.NET.Core.Bundle [(null)] - 模块加载自身程序集！
2014-09-17 17:55:15,236 [10] DEBUG OSGi.NET.Core.Bundle [(null)] - 模块关联共享库程序集[WpfServiceContract]！
2014-09-17 17:55:15,238 [10] DEBUG OSGi.NET.Core.Bundle [(null)] - 模块关联共享库程序集[DevExpress.Xpf.NavBar.v13.2]！
2014-09-17 17:55:16,032 [10] DEBUG OSGi.NET.Core.Bundle [(null)] - 模块搜索激活器！
2014-09-17 17:55:16,034 [10] DEBUG OSGi.NET.Core.Bundle [(null)] - 模块WpfLeftMenu加载结束！
2014-09-17 17:55:16,035 [10] DEBUG OSGi.NET.Core.Bundle [(null)] - 激活器启动！
2014-09-17 17:55:18,194 [10] DEBUG OSGi.NET.Core.Bundle [(null)] - 加载扩展点数据！
2014-09-17 17:55:18,202 [10] DEBUG OSGi.NET.Core.Bundle [(null)] - 扩展点加载开始！
2014-09-17 17:55:18,211 [10] DEBUG OSGi.NET.Core.Bundle [(null)] - 扩展点加载结束！
2014-09-17 17:55:18,213 [10] DEBUG OSGi.NET.Core.Bundle [(null)] - 模块WpfLeftMenu启动结束！
2014-09-17 17:55:18,214 [10] DEBUG OSGi.NET.Core.Bundle [(null)] - 模块WpfRightContent启动开始！
2014-09-17 17:55:18,216 [10] DEBUG OSGi.NET.Core.Bundle [(null)] - 模块WpfRightContent加载开始！
2014-09-17 17:55:18,217 [10] DEBUG OSGi.NET.Core.Bundle [(null)] - 加载相关依赖模块！
2014-09-17 17:55:18,219 [10] DEBUG OSGi.NET.Core.Bundle [(null)] - 模块加载自身程序集！
2014-09-17 17:55:18,221 [10] DEBUG OSGi.NET.Core.Bundle [(null)] - 模块关联共享库程序集[WpfServiceContract]！
2014-09-17 17:55:18,299 [10] DEBUG OSGi.NET.Core.Bundle [(null)] - 模块搜索激活器！
2014-09-17 17:55:18,301 [10] DEBUG OSGi.NET.Core.Bundle [(null)] - 模块WpfRightContent加载结束！
2014-09-17 17:55:18,302 [10] DEBUG OSGi.NET.Core.Bundle [(null)] - 激活器启动！
2014-09-17 17:55:19,541 [10] DEBUG OSGi.NET.Core.Bundle [(null)] - 加载扩展点数据！
2014-09-17 17:55:19,542 [10] DEBUG OSGi.NET.Core.Bundle [(null)] - 扩展点加载开始！
2014-09-17 17:55:19,544 [10] DEBUG OSGi.NET.Core.Bundle [(null)] - 扩展点加载结束！
2014-09-17 17:55:19,546 [10] DEBUG OSGi.NET.Core.Bundle [(null)] - 模块WpfRightContent启动结束！
2014-09-17 17:55:19,547 [10] DEBUG OSGi.NET.Core.Bundle [(null)] - 模块WpfTopMenuContent启动开始！
2014-09-17 17:55:19,548 [10] DEBUG OSGi.NET.Core.Bundle [(null)] - 模块WpfTopMenuContent加载开始！
2014-09-17 17:55:19,550 [10] DEBUG OSGi.NET.Core.Bundle [(null)] - 加载相关依赖模块！
2014-09-17 17:55:19,551 [10] DEBUG OSGi.NET.Core.Bundle [(null)] - 模块加载自身程序集！
2014-09-17 17:55:19,554 [10] DEBUG OSGi.NET.Core.Bundle [(null)] - 模块关联共享库程序集[WpfServiceContract]！
2014-09-17 17:55:19,632 [10] DEBUG OSGi.NET.Core.Bundle [(null)] - 模块搜索激活器！
2014-09-17 17:55:19,633 [10] DEBUG OSGi.NET.Core.Bundle [(null)] - 模块WpfTopMenuContent加载结束！
2014-09-17 17:55:19,635 [10] DEBUG OSGi.NET.Core.Bundle [(null)] - 激活器启动！
2014-09-17 17:55:19,638 [10] DEBUG OSGi.NET.Core.Bundle [(null)] - 加载扩展点数据！
2014-09-17 17:55:19,639 [10] DEBUG OSGi.NET.Core.Bundle [(null)] - 扩展点加载开始！
2014-09-17 17:55:19,643 [10] DEBUG OSGi.NET.Core.Bundle [(null)] - 扩展点WpfLeftMenu.TopMenuExtension加载！
2014-09-17 17:55:19,691 [10] DEBUG OSGi.NET.Core.Bundle [(null)] - 扩展点加载结束！
2014-09-17 17:55:19,693 [10] DEBUG OSGi.NET.Core.Bundle [(null)] - 模块WpfTopMenuContent启动结束！
2014-09-17 17:55:19,694 [10] DEBUG OSGi.NET.Core.Bundle [(null)] - 模块OSGiClientAgent启动开始！
2014-09-17 17:55:19,695 [10] DEBUG OSGi.NET.Core.Bundle [(null)] - 模块OSGiClientAgent加载开始！
2014-09-17 17:55:19,697 [10] DEBUG OSGi.NET.Core.Bundle [(null)] - 加载相关依赖模块！
2014-09-17 17:55:19,698 [10] DEBUG OSGi.NET.Core.Bundle [(null)] - 模块加载自身程序集！
2014-09-17 17:55:19,962 [10] DEBUG OSGi.NET.Core.Bundle [(null)] - 模块加载依赖程序集[RestSharp]！
2014-09-17 17:55:19,964 [10] DEBUG OSGi.NET.Core.Bundle [(null)] - 模块关联自身库程序集[RestSharp]！
2014-09-17 17:55:20,151 [10] DEBUG OSGi.NET.Core.Bundle [(null)] - 模块加载依赖程序集[Fleck]！
2014-09-17 17:55:20,153 [10] DEBUG OSGi.NET.Core.Bundle [(null)] - 模块关联自身库程序集[Fleck]！
2014-09-17 17:55:20,223 [10] DEBUG OSGi.NET.Core.Bundle [(null)] - 模块搜索激活器！
2014-09-17 17:55:20,224 [10] DEBUG OSGi.NET.Core.Bundle [(null)] - 模块OSGiClientAgent加载结束！
2014-09-17 17:55:20,225 [10] DEBUG OSGi.NET.Core.Bundle [(null)] - 激活器启动！
2014-09-17 17:55:20,369 [10] DEBUG OSGi.NET.Core.Bundle [(null)] - 加载扩展点数据！
2014-09-17 17:55:20,374 [10] DEBUG OSGi.NET.Core.Bundle [(null)] - 扩展点加载开始！
2014-09-17 17:55:20,376 [10] DEBUG OSGi.NET.Core.Bundle [(null)] - 扩展点加载结束！
2014-09-17 17:55:20,377 [10] DEBUG OSGi.NET.Core.Bundle [(null)] - 模块OSGiClientAgent启动结束！
2014-09-17 17:55:20,379 [10] DEBUG OSGi.NET.Core.Root.Framework [(null)] - 框架启动完成！
2014-09-17 17:55:44,413 [10] DEBUG OSGi.NET.Core.Root.Framework [(null)] - 框架停止开始！
2014-09-17 17:55:44,417 [10] DEBUG OSGi.NET.Core.Bundle [(null)] - 模块WpfLeftMenu停止开始！
2014-09-17 17:55:44,419 [10] DEBUG OSGi.NET.Core.Bundle [(null)] - 卸载扩展点数据！
2014-09-17 17:55:44,423 [10] DEBUG OSGi.NET.Core.Bundle [(null)] - 扩展点卸载开始
2014-09-17 17:55:44,425 [10] DEBUG OSGi.NET.Core.Bundle [(null)] - 扩展点卸载停止
2014-09-17 17:55:44,427 [10] DEBUG OSGi.NET.Core.Bundle [(null)] - 激活器停止
2014-09-17 17:55:44,437 [10] DEBUG OSGi.NET.Core.Bundle [(null)] - 模块WpfLeftMenu停止结束！
2014-09-17 17:55:44,439 [10] DEBUG OSGi.NET.Core.Bundle [(null)] - 模块WpfRightContent停止开始！
2014-09-17 17:55:44,440 [10] DEBUG OSGi.NET.Core.Bundle [(null)] - 卸载扩展点数据！
2014-09-17 17:55:44,442 [10] DEBUG OSGi.NET.Core.Bundle [(null)] - 扩展点卸载开始
2014-09-17 17:55:44,443 [10] DEBUG OSGi.NET.Core.Bundle [(null)] - 扩展点卸载停止
2014-09-17 17:55:44,444 [10] DEBUG OSGi.NET.Core.Bundle [(null)] - 激活器停止
2014-09-17 17:55:44,446 [10] DEBUG OSGi.NET.Core.Bundle [(null)] - 模块WpfRightContent停止结束！
2014-09-17 17:55:44,447 [10] DEBUG OSGi.NET.Core.Bundle [(null)] - 模块WpfTopMenuContent停止开始！
2014-09-17 17:55:44,449 [10] DEBUG OSGi.NET.Core.Bundle [(null)] - 卸载扩展点数据！
2014-09-17 17:55:44,450 [10] DEBUG OSGi.NET.Core.Bundle [(null)] - 扩展点卸载开始
2014-09-17 17:55:44,451 [10] DEBUG OSGi.NET.Core.Bundle [(null)] - 扩展点卸载停止
2014-09-17 17:55:44,453 [10] DEBUG OSGi.NET.Core.Bundle [(null)] - 激活器停止
2014-09-17 17:55:44,455 [10] DEBUG OSGi.NET.Core.Bundle [(null)] - 模块WpfTopMenuContent停止结束！
2014-09-17 17:55:44,456 [10] DEBUG OSGi.NET.Core.Bundle [(null)] - 模块OSGiClientAgent停止开始！
2014-09-17 17:55:44,457 [10] DEBUG OSGi.NET.Core.Bundle [(null)] - 卸载扩展点数据！
2014-09-17 17:55:44,458 [10] DEBUG OSGi.NET.Core.Bundle [(null)] - 扩展点卸载开始
2014-09-17 17:55:44,460 [10] DEBUG OSGi.NET.Core.Bundle [(null)] - 扩展点卸载停止
2014-09-17 17:55:44,461 [10] DEBUG OSGi.NET.Core.Bundle [(null)] - 激活器停止
2014-09-17 17:55:46,066 [10] DEBUG OSGi.NET.Core.Bundle [(null)] - 模块OSGiClientAgent停止结束！
2014-09-17 17:55:46,129 [10] DEBUG OSGi.NET.Core.Root.Framework [(null)] - 框架停止完成！
2014-09-17 17:56:09,890 [1] DEBUG OSGi.NET.Core.Root.Framework [(null)] - 框架读取元数据信息！
2014-09-17 17:56:10,288 [1] DEBUG OSGi.NET.Core.Root.Framework [(null)] - 框架初始化开始！
2014-09-17 17:56:10,293 [1] DEBUG OSGi.NET.Core.Root.Framework [(null)] - 框架读取配置！
2014-09-17 17:56:10,299 [1] DEBUG OSGi.NET.Core.Root.Framework [(null)] - 框架加载共享程序集！
2014-09-17 17:56:10,429 [1] DEBUG OSGi.NET.Core.Root.Framework [(null)] - 框架加载共享程序集[DevExpress.Charts.v13.2.Core]！
2014-09-17 17:56:10,441 [1] DEBUG OSGi.NET.Core.Root.Framework [(null)] - 框架加载共享程序集[DevExpress.Data.v13.2]！
2014-09-17 17:56:10,453 [1] DEBUG OSGi.NET.Core.Root.Framework [(null)] - 框架加载共享程序集[DevExpress.Images.v13.2]！
2014-09-17 17:56:10,459 [1] DEBUG OSGi.NET.Core.Root.Framework [(null)] - 框架加载共享程序集[DevExpress.Map.v13.2.Core]！
2014-09-17 17:56:10,468 [1] DEBUG OSGi.NET.Core.Root.Framework [(null)] - 框架加载共享程序集[DevExpress.Xpf.Charts.v13.2]！
2014-09-17 17:56:10,488 [1] DEBUG OSGi.NET.Core.Root.Framework [(null)] - 框架加载共享程序集[DevExpress.Xpf.Core.v13.2]！
2014-09-17 17:56:10,501 [1] DEBUG OSGi.NET.Core.Root.Framework [(null)] - 框架加载共享程序集[DevExpress.Xpf.Map.v13.2]！
2014-09-17 17:56:10,508 [1] DEBUG OSGi.NET.Core.Root.Framework [(null)] - 框架加载共享程序集[DevExpress.Xpf.Mvvm.v13.2]！
2014-09-17 17:56:10,515 [1] DEBUG OSGi.NET.Core.Root.Framework [(null)] - 框架加载共享程序集[DevExpress.Xpf.NavBar.v13.2]！
2014-09-17 17:56:10,517 [1] DEBUG OSGi.NET.Core.Root.Framework [(null)] - 框架加载共享程序集[WpfServiceContract]！
2014-09-17 17:56:10,523 [1] DEBUG OSGi.NET.Core.Root.Framework [(null)] - 框架关联共享程序集[WpfDemo]！
2014-09-17 17:56:10,525 [1] DEBUG OSGi.NET.Core.Root.Framework [(null)] - 框架关联共享程序集[log4net]！
2014-09-17 17:56:10,527 [1] DEBUG OSGi.NET.Core.Root.Framework [(null)] - 框架关联共享程序集[PresentationFramework.Classic]！
2014-09-17 17:56:10,529 [1] DEBUG OSGi.NET.Core.Root.Framework [(null)] - 框架关联共享程序集[PresentationCore.resources]！
2014-09-17 17:56:10,531 [1] DEBUG OSGi.NET.Core.Root.Framework [(null)] - 框架关联共享程序集[UIAutomationTypes]！
2014-09-17 17:56:10,533 [1] DEBUG OSGi.NET.Core.Root.Framework [(null)] - 框架关联共享程序集[Mono.Cecil]！
2014-09-17 17:56:10,539 [1] DEBUG OSGi.NET.Core.Root.Framework [(null)] - 框架读取模块信息！
2014-09-17 17:56:10,561 [1] DEBUG OSGi.NET.Core.Bundle [(null)] - 模块读取元数据信息！
2014-09-17 17:56:10,619 [1] DEBUG OSGi.NET.Core.Bundle [(null)] - 模块读取元数据信息！
2014-09-17 17:56:10,661 [1] DEBUG OSGi.NET.Core.Bundle [(null)] - 模块读取元数据信息！
2014-09-17 17:56:10,703 [1] DEBUG OSGi.NET.Core.Bundle [(null)] - 模块读取元数据信息！
2014-09-17 17:56:10,722 [1] DEBUG OSGi.NET.Core.Root.Framework [(null)] - 框架初始化结束！
2014-09-17 17:56:10,733 [1] DEBUG OSGi.NET.Core.Root.Framework [(null)] - 框架启动开始！
2014-09-17 17:56:10,737 [1] DEBUG OSGi.NET.Core.Bundle [(null)] - 模块WpfLeftMenu启动开始！
2014-09-17 17:56:10,739 [1] DEBUG OSGi.NET.Core.Bundle [(null)] - 模块WpfLeftMenu加载开始！
2014-09-17 17:56:10,744 [1] DEBUG OSGi.NET.Core.Bundle [(null)] - 加载相关依赖模块！
2014-09-17 17:56:10,754 [1] DEBUG OSGi.NET.Core.Bundle [(null)] - 模块加载自身程序集！
2014-09-17 17:56:10,773 [1] DEBUG OSGi.NET.Core.Bundle [(null)] - 模块关联共享库程序集[WpfServiceContract]！
2014-09-17 17:56:10,775 [1] DEBUG OSGi.NET.Core.Bundle [(null)] - 模块关联共享库程序集[DevExpress.Xpf.NavBar.v13.2]！
2014-09-17 17:56:11,387 [1] DEBUG OSGi.NET.Core.Bundle [(null)] - 模块搜索激活器！
2014-09-17 17:56:11,389 [1] DEBUG OSGi.NET.Core.Bundle [(null)] - 模块WpfLeftMenu加载结束！
2014-09-17 17:56:11,390 [1] DEBUG OSGi.NET.Core.Bundle [(null)] - 激活器启动！
2014-09-17 17:56:12,271 [1] DEBUG OSGi.NET.Core.Bundle [(null)] - 加载扩展点数据！
2014-09-17 17:56:12,279 [1] DEBUG OSGi.NET.Core.Bundle [(null)] - 扩展点加载开始！
2014-09-17 17:56:12,287 [1] DEBUG OSGi.NET.Core.Bundle [(null)] - 扩展点加载结束！
2014-09-17 17:56:12,289 [1] DEBUG OSGi.NET.Core.Bundle [(null)] - 模块WpfLeftMenu启动结束！
2014-09-17 17:56:12,291 [1] DEBUG OSGi.NET.Core.Bundle [(null)] - 模块WpfRightContent启动开始！
2014-09-17 17:56:12,293 [1] DEBUG OSGi.NET.Core.Bundle [(null)] - 模块WpfRightContent加载开始！
2014-09-17 17:56:12,294 [1] DEBUG OSGi.NET.Core.Bundle [(null)] - 加载相关依赖模块！
2014-09-17 17:56:12,295 [1] DEBUG OSGi.NET.Core.Bundle [(null)] - 模块加载自身程序集！
2014-09-17 17:56:12,298 [1] DEBUG OSGi.NET.Core.Bundle [(null)] - 模块关联共享库程序集[WpfServiceContract]！
2014-09-17 17:56:12,303 [1] DEBUG OSGi.NET.Core.Bundle [(null)] - 模块搜索激活器！
2014-09-17 17:56:12,305 [1] DEBUG OSGi.NET.Core.Bundle [(null)] - 模块WpfRightContent加载结束！
2014-09-17 17:56:12,306 [1] DEBUG OSGi.NET.Core.Bundle [(null)] - 激活器启动！
2014-09-17 17:56:13,081 [1] DEBUG OSGi.NET.Core.Bundle [(null)] - 加载扩展点数据！
2014-09-17 17:56:13,083 [1] DEBUG OSGi.NET.Core.Bundle [(null)] - 扩展点加载开始！
2014-09-17 17:56:13,084 [1] DEBUG OSGi.NET.Core.Bundle [(null)] - 扩展点加载结束！
2014-09-17 17:56:13,085 [1] DEBUG OSGi.NET.Core.Bundle [(null)] - 模块WpfRightContent启动结束！
2014-09-17 17:56:13,086 [1] DEBUG OSGi.NET.Core.Bundle [(null)] - 模块WpfTopMenuContent启动开始！
2014-09-17 17:56:13,087 [1] DEBUG OSGi.NET.Core.Bundle [(null)] - 模块WpfTopMenuContent加载开始！
2014-09-17 17:56:13,088 [1] DEBUG OSGi.NET.Core.Bundle [(null)] - 加载相关依赖模块！
2014-09-17 17:56:13,089 [1] DEBUG OSGi.NET.Core.Bundle [(null)] - 模块加载自身程序集！
2014-09-17 17:56:13,091 [1] DEBUG OSGi.NET.Core.Bundle [(null)] - 模块关联共享库程序集[WpfServiceContract]！
2014-09-17 17:56:13,099 [1] DEBUG OSGi.NET.Core.Bundle [(null)] - 模块搜索激活器！
2014-09-17 17:56:13,101 [1] DEBUG OSGi.NET.Core.Bundle [(null)] - 模块WpfTopMenuContent加载结束！
2014-09-17 17:56:13,101 [1] DEBUG OSGi.NET.Core.Bundle [(null)] - 激活器启动！
2014-09-17 17:56:13,104 [1] DEBUG OSGi.NET.Core.Bundle [(null)] - 加载扩展点数据！
2014-09-17 17:56:13,105 [1] DEBUG OSGi.NET.Core.Bundle [(null)] - 扩展点加载开始！
2014-09-17 17:56:13,109 [1] DEBUG OSGi.NET.Core.Bundle [(null)] - 扩展点WpfLeftMenu.TopMenuExtension加载！
2014-09-17 17:56:13,121 [1] DEBUG OSGi.NET.Core.Bundle [(null)] - 扩展点加载结束！
2014-09-17 17:56:13,122 [1] DEBUG OSGi.NET.Core.Bundle [(null)] - 模块WpfTopMenuContent启动结束！
2014-09-17 17:56:13,123 [1] DEBUG OSGi.NET.Core.Bundle [(null)] - 模块OSGiClientAgent启动开始！
2014-09-17 17:56:13,124 [1] DEBUG OSGi.NET.Core.Bundle [(null)] - 模块OSGiClientAgent加载开始！
2014-09-17 17:56:13,125 [1] DEBUG OSGi.NET.Core.Bundle [(null)] - 加载相关依赖模块！
2014-09-17 17:56:13,126 [1] DEBUG OSGi.NET.Core.Bundle [(null)] - 模块加载自身程序集！
2014-09-17 17:56:13,337 [1] DEBUG OSGi.NET.Core.Bundle [(null)] - 模块加载依赖程序集[RestSharp]！
2014-09-17 17:56:13,338 [1] DEBUG OSGi.NET.Core.Bundle [(null)] - 模块关联自身库程序集[RestSharp]！
2014-09-17 17:56:13,357 [1] DEBUG OSGi.NET.Core.Bundle [(null)] - 模块加载依赖程序集[Fleck]！
2014-09-17 17:56:13,358 [1] DEBUG OSGi.NET.Core.Bundle [(null)] - 模块关联自身库程序集[Fleck]！
2014-09-17 17:56:13,365 [1] DEBUG OSGi.NET.Core.Bundle [(null)] - 模块搜索激活器！
2014-09-17 17:56:13,367 [1] DEBUG OSGi.NET.Core.Bundle [(null)] - 模块OSGiClientAgent加载结束！
2014-09-17 17:56:13,368 [1] DEBUG OSGi.NET.Core.Bundle [(null)] - 激活器启动！
2014-09-17 17:56:13,438 [1] DEBUG OSGi.NET.Core.Bundle [(null)] - 加载扩展点数据！
2014-09-17 17:56:13,439 [1] DEBUG OSGi.NET.Core.Bundle [(null)] - 扩展点加载开始！
2014-09-17 17:56:13,441 [1] DEBUG OSGi.NET.Core.Bundle [(null)] - 扩展点加载结束！
2014-09-17 17:56:13,442 [1] DEBUG OSGi.NET.Core.Bundle [(null)] - 模块OSGiClientAgent启动结束！
2014-09-17 17:56:13,443 [1] DEBUG OSGi.NET.Core.Root.Framework [(null)] - 框架启动完成！
2014-09-17 17:56:50,125 [1] DEBUG OSGi.NET.Core.Root.Framework [(null)] - 模块[WpfTopMenuContent]安装开始！
2014-09-17 17:56:50,500 [1] ERROR OSGi.NET.Core.Root.Framework [(null)] - 指定模块安装失败！
System.Exception: 名称为[WpfTopMenuContent]的插件已经存在，安装失败！
   在 OSGi.NET.Core.Root.Framework.Install(String zipFile) 位置 f:\Work\OSGi.NET\OSGi.NET\Core\Root\Framework.cs:行号 451
2014-09-17 17:56:52,807 [1] DEBUG OSGi.NET.Core.Bundle [(null)] - 模块WpfTopMenuContent停止开始！
2014-09-17 17:56:52,808 [1] DEBUG OSGi.NET.Core.Bundle [(null)] - 卸载扩展点数据！
2014-09-17 17:56:52,812 [1] DEBUG OSGi.NET.Core.Bundle [(null)] - 扩展点卸载开始
2014-09-17 17:56:52,815 [1] DEBUG OSGi.NET.Core.Bundle [(null)] - 扩展点WpfLeftMenu.TopMenuExtension卸载！
2014-09-17 17:56:52,868 [1] DEBUG OSGi.NET.Core.Bundle [(null)] - 扩展点卸载停止
2014-09-17 17:56:52,869 [1] DEBUG OSGi.NET.Core.Bundle [(null)] - 激活器停止
2014-09-17 17:56:52,879 [1] DEBUG OSGi.NET.Core.Bundle [(null)] - 模块WpfTopMenuContent停止结束！
2014-09-17 17:56:52,881 [1] DEBUG OSGi.NET.Core.Bundle [(null)] - 模块卸载开始！
2014-09-17 17:56:52,884 [1] DEBUG OSGi.NET.Core.Root.Framework [(null)] - 卸载模块备份至[F:\Work\OSGi.NET\Sample\WPF\WpfDemo\bin\Debug\Temp]目录！
2014-09-17 17:56:55,203 [1] DEBUG OSGi.NET.Core.Bundle [(null)] - 模块更新开始！
2014-09-17 17:56:55,268 [1] DEBUG OSGi.NET.Core.Root.Framework [(null)] - 卸载模块备份至[F:\Work\OSGi.NET\Sample\WPF\WpfDemo\bin\Debug\Temp]目录！
2014-09-17 17:57:08,671 [1] DEBUG OSGi.NET.Core.Root.Framework [(null)] - 框架读取元数据信息！
2014-09-17 17:57:09,006 [1] DEBUG OSGi.NET.Core.Root.Framework [(null)] - 框架初始化开始！
2014-09-17 17:57:09,012 [1] DEBUG OSGi.NET.Core.Root.Framework [(null)] - 框架读取配置！
2014-09-17 17:57:09,018 [1] DEBUG OSGi.NET.Core.Root.Framework [(null)] - 框架加载共享程序集！
2014-09-17 17:57:09,109 [1] DEBUG OSGi.NET.Core.Root.Framework [(null)] - 框架加载共享程序集[DevExpress.Charts.v13.2.Core]！
2014-09-17 17:57:09,120 [1] DEBUG OSGi.NET.Core.Root.Framework [(null)] - 框架加载共享程序集[DevExpress.Data.v13.2]！
2014-09-17 17:57:09,131 [1] DEBUG OSGi.NET.Core.Root.Framework [(null)] - 框架加载共享程序集[DevExpress.Images.v13.2]！
2014-09-17 17:57:09,136 [1] DEBUG OSGi.NET.Core.Root.Framework [(null)] - 框架加载共享程序集[DevExpress.Map.v13.2.Core]！
2014-09-17 17:57:09,144 [1] DEBUG OSGi.NET.Core.Root.Framework [(null)] - 框架加载共享程序集[DevExpress.Xpf.Charts.v13.2]！
2014-09-17 17:57:09,163 [1] DEBUG OSGi.NET.Core.Root.Framework [(null)] - 框架加载共享程序集[DevExpress.Xpf.Core.v13.2]！
2014-09-17 17:57:09,169 [1] DEBUG OSGi.NET.Core.Root.Framework [(null)] - 框架加载共享程序集[DevExpress.Xpf.Map.v13.2]！
2014-09-17 17:57:09,175 [1] DEBUG OSGi.NET.Core.Root.Framework [(null)] - 框架加载共享程序集[DevExpress.Xpf.Mvvm.v13.2]！
2014-09-17 17:57:09,181 [1] DEBUG OSGi.NET.Core.Root.Framework [(null)] - 框架加载共享程序集[DevExpress.Xpf.NavBar.v13.2]！
2014-09-17 17:57:09,183 [1] DEBUG OSGi.NET.Core.Root.Framework [(null)] - 框架加载共享程序集[WpfServiceContract]！
2014-09-17 17:57:09,187 [1] DEBUG OSGi.NET.Core.Root.Framework [(null)] - 框架关联共享程序集[WpfDemo]！
2014-09-17 17:57:09,189 [1] DEBUG OSGi.NET.Core.Root.Framework [(null)] - 框架关联共享程序集[log4net]！
2014-09-17 17:57:09,191 [1] DEBUG OSGi.NET.Core.Root.Framework [(null)] - 框架关联共享程序集[PresentationFramework.Classic]！
2014-09-17 17:57:09,192 [1] DEBUG OSGi.NET.Core.Root.Framework [(null)] - 框架关联共享程序集[PresentationCore.resources]！
2014-09-17 17:57:09,194 [1] DEBUG OSGi.NET.Core.Root.Framework [(null)] - 框架关联共享程序集[UIAutomationTypes]！
2014-09-17 17:57:09,196 [1] DEBUG OSGi.NET.Core.Root.Framework [(null)] - 框架关联共享程序集[Mono.Cecil]！
2014-09-17 17:57:09,201 [1] DEBUG OSGi.NET.Core.Root.Framework [(null)] - 框架读取模块信息！
2014-09-17 17:57:09,221 [1] DEBUG OSGi.NET.Core.Bundle [(null)] - 模块读取元数据信息！
2014-09-17 17:57:09,275 [1] DEBUG OSGi.NET.Core.Bundle [(null)] - 模块读取元数据信息！
2014-09-17 17:57:09,315 [1] DEBUG OSGi.NET.Core.Bundle [(null)] - 模块读取元数据信息！
2014-09-17 17:57:09,357 [1] DEBUG OSGi.NET.Core.Bundle [(null)] - 模块读取元数据信息！
2014-09-17 17:57:09,375 [1] DEBUG OSGi.NET.Core.Root.Framework [(null)] - 框架初始化结束！
2014-09-17 17:57:09,387 [1] DEBUG OSGi.NET.Core.Root.Framework [(null)] - 框架启动开始！
2014-09-17 17:57:09,391 [1] DEBUG OSGi.NET.Core.Bundle [(null)] - 模块WpfLeftMenu启动开始！
2014-09-17 17:57:09,392 [1] DEBUG OSGi.NET.Core.Bundle [(null)] - 模块WpfLeftMenu加载开始！
2014-09-17 17:57:09,397 [1] DEBUG OSGi.NET.Core.Bundle [(null)] - 加载相关依赖模块！
2014-09-17 17:57:09,407 [1] DEBUG OSGi.NET.Core.Bundle [(null)] - 模块加载自身程序集！
2014-09-17 17:57:09,425 [1] DEBUG OSGi.NET.Core.Bundle [(null)] - 模块关联共享库程序集[WpfServiceContract]！
2014-09-17 17:57:09,427 [1] DEBUG OSGi.NET.Core.Bundle [(null)] - 模块关联共享库程序集[DevExpress.Xpf.NavBar.v13.2]！
2014-09-17 17:57:10,057 [1] DEBUG OSGi.NET.Core.Bundle [(null)] - 模块搜索激活器！
2014-09-17 17:57:10,059 [1] DEBUG OSGi.NET.Core.Bundle [(null)] - 模块WpfLeftMenu加载结束！
2014-09-17 17:57:10,060 [1] DEBUG OSGi.NET.Core.Bundle [(null)] - 激活器启动！
2014-09-17 17:57:10,739 [1] DEBUG OSGi.NET.Core.Bundle [(null)] - 加载扩展点数据！
2014-09-17 17:57:10,747 [1] DEBUG OSGi.NET.Core.Bundle [(null)] - 扩展点加载开始！
2014-09-17 17:57:10,755 [1] DEBUG OSGi.NET.Core.Bundle [(null)] - 扩展点加载结束！
2014-09-17 17:57:10,757 [1] DEBUG OSGi.NET.Core.Bundle [(null)] - 模块WpfLeftMenu启动结束！
2014-09-17 17:57:10,758 [1] DEBUG OSGi.NET.Core.Bundle [(null)] - 模块WpfRightContent启动开始！
2014-09-17 17:57:10,759 [1] DEBUG OSGi.NET.Core.Bundle [(null)] - 模块WpfRightContent加载开始！
2014-09-17 17:57:10,761 [1] DEBUG OSGi.NET.Core.Bundle [(null)] - 加载相关依赖模块！
2014-09-17 17:57:10,762 [1] DEBUG OSGi.NET.Core.Bundle [(null)] - 模块加载自身程序集！
2014-09-17 17:57:10,764 [1] DEBUG OSGi.NET.Core.Bundle [(null)] - 模块关联共享库程序集[WpfServiceContract]！
2014-09-17 17:57:10,776 [1] DEBUG OSGi.NET.Core.Bundle [(null)] - 模块搜索激活器！
2014-09-17 17:57:10,778 [1] DEBUG OSGi.NET.Core.Bundle [(null)] - 模块WpfRightContent加载结束！
2014-09-17 17:57:10,779 [1] DEBUG OSGi.NET.Core.Bundle [(null)] - 激活器启动！
2014-09-17 17:57:11,389 [1] DEBUG OSGi.NET.Core.Bundle [(null)] - 加载扩展点数据！
2014-09-17 17:57:11,390 [1] DEBUG OSGi.NET.Core.Bundle [(null)] - 扩展点加载开始！
2014-09-17 17:57:11,392 [1] DEBUG OSGi.NET.Core.Bundle [(null)] - 扩展点加载结束！
2014-09-17 17:57:11,393 [1] DEBUG OSGi.NET.Core.Bundle [(null)] - 模块WpfRightContent启动结束！
2014-09-17 17:57:11,394 [1] DEBUG OSGi.NET.Core.Bundle [(null)] - 模块WpfTopMenuContent启动开始！
2014-09-17 17:57:11,396 [1] DEBUG OSGi.NET.Core.Bundle [(null)] - 模块WpfTopMenuContent加载开始！
2014-09-17 17:57:11,397 [1] DEBUG OSGi.NET.Core.Bundle [(null)] - 加载相关依赖模块！
2014-09-17 17:57:11,398 [1] DEBUG OSGi.NET.Core.Bundle [(null)] - 模块加载自身程序集！
2014-09-17 17:57:11,400 [1] DEBUG OSGi.NET.Core.Bundle [(null)] - 模块关联共享库程序集[WpfServiceContract]！
2014-09-17 17:57:11,410 [1] DEBUG OSGi.NET.Core.Bundle [(null)] - 模块搜索激活器！
2014-09-17 17:57:11,411 [1] DEBUG OSGi.NET.Core.Bundle [(null)] - 模块WpfTopMenuContent加载结束！
2014-09-17 17:57:11,412 [1] DEBUG OSGi.NET.Core.Bundle [(null)] - 激活器启动！
2014-09-17 17:57:11,415 [1] DEBUG OSGi.NET.Core.Bundle [(null)] - 加载扩展点数据！
2014-09-17 17:57:11,416 [1] DEBUG OSGi.NET.Core.Bundle [(null)] - 扩展点加载开始！
2014-09-17 17:57:11,419 [1] DEBUG OSGi.NET.Core.Bundle [(null)] - 扩展点WpfLeftMenu.TopMenuExtension加载！
2014-09-17 17:57:11,431 [1] DEBUG OSGi.NET.Core.Bundle [(null)] - 扩展点加载结束！
2014-09-17 17:57:11,433 [1] DEBUG OSGi.NET.Core.Bundle [(null)] - 模块WpfTopMenuContent启动结束！
2014-09-17 17:57:11,433 [1] DEBUG OSGi.NET.Core.Bundle [(null)] - 模块OSGiClientAgent启动开始！
2014-09-17 17:57:11,434 [1] DEBUG OSGi.NET.Core.Bundle [(null)] - 模块OSGiClientAgent加载开始！
2014-09-17 17:57:11,435 [1] DEBUG OSGi.NET.Core.Bundle [(null)] - 加载相关依赖模块！
2014-09-17 17:57:11,436 [1] DEBUG OSGi.NET.Core.Bundle [(null)] - 模块加载自身程序集！
2014-09-17 17:57:11,644 [1] DEBUG OSGi.NET.Core.Bundle [(null)] - 模块加载依赖程序集[RestSharp]！
2014-09-17 17:57:11,646 [1] DEBUG OSGi.NET.Core.Bundle [(null)] - 模块关联自身库程序集[RestSharp]！
2014-09-17 17:57:11,663 [1] DEBUG OSGi.NET.Core.Bundle [(null)] - 模块加载依赖程序集[Fleck]！
2014-09-17 17:57:11,664 [1] DEBUG OSGi.NET.Core.Bundle [(null)] - 模块关联自身库程序集[Fleck]！
2014-09-17 17:57:11,669 [1] DEBUG OSGi.NET.Core.Bundle [(null)] - 模块搜索激活器！
2014-09-17 17:57:11,670 [1] DEBUG OSGi.NET.Core.Bundle [(null)] - 模块OSGiClientAgent加载结束！
2014-09-17 17:57:11,671 [1] DEBUG OSGi.NET.Core.Bundle [(null)] - 激活器启动！
2014-09-17 17:57:11,706 [1] DEBUG OSGi.NET.Core.Bundle [(null)] - 加载扩展点数据！
2014-09-17 17:57:11,708 [1] DEBUG OSGi.NET.Core.Bundle [(null)] - 扩展点加载开始！
2014-09-17 17:57:11,709 [1] DEBUG OSGi.NET.Core.Bundle [(null)] - 扩展点加载结束！
2014-09-17 17:57:11,710 [1] DEBUG OSGi.NET.Core.Bundle [(null)] - 模块OSGiClientAgent启动结束！
2014-09-17 17:57:11,711 [1] DEBUG OSGi.NET.Core.Root.Framework [(null)] - 框架启动完成！
2014-09-17 17:57:24,870 [1] DEBUG OSGi.NET.Core.Bundle [(null)] - 模块更新开始！
2014-09-17 17:57:25,140 [1] DEBUG OSGi.NET.Core.Root.Framework [(null)] - 卸载模块备份至[F:\Work\OSGi.NET\Sample\WPF\WpfDemo\bin\Debug\Temp]目录！
2014-09-17 17:57:47,961 [1] DEBUG OSGi.NET.Core.Root.Framework [(null)] - 框架读取元数据信息！
2014-09-17 17:57:48,299 [1] DEBUG OSGi.NET.Core.Root.Framework [(null)] - 框架初始化开始！
2014-09-17 17:57:48,304 [1] DEBUG OSGi.NET.Core.Root.Framework [(null)] - 框架读取配置！
2014-09-17 17:57:48,310 [1] DEBUG OSGi.NET.Core.Root.Framework [(null)] - 框架加载共享程序集！
2014-09-17 17:57:48,403 [1] DEBUG OSGi.NET.Core.Root.Framework [(null)] - 框架加载共享程序集[DevExpress.Charts.v13.2.Core]！
2014-09-17 17:57:48,413 [1] DEBUG OSGi.NET.Core.Root.Framework [(null)] - 框架加载共享程序集[DevExpress.Data.v13.2]！
2014-09-17 17:57:48,424 [1] DEBUG OSGi.NET.Core.Root.Framework [(null)] - 框架加载共享程序集[DevExpress.Images.v13.2]！
2014-09-17 17:57:48,430 [1] DEBUG OSGi.NET.Core.Root.Framework [(null)] - 框架加载共享程序集[DevExpress.Map.v13.2.Core]！
2014-09-17 17:57:48,437 [1] DEBUG OSGi.NET.Core.Root.Framework [(null)] - 框架加载共享程序集[DevExpress.Xpf.Charts.v13.2]！
2014-09-17 17:57:48,457 [1] DEBUG OSGi.NET.Core.Root.Framework [(null)] - 框架加载共享程序集[DevExpress.Xpf.Core.v13.2]！
2014-09-17 17:57:48,464 [1] DEBUG OSGi.NET.Core.Root.Framework [(null)] - 框架加载共享程序集[DevExpress.Xpf.Map.v13.2]！
2014-09-17 17:57:48,470 [1] DEBUG OSGi.NET.Core.Root.Framework [(null)] - 框架加载共享程序集[DevExpress.Xpf.Mvvm.v13.2]！
2014-09-17 17:57:48,477 [1] DEBUG OSGi.NET.Core.Root.Framework [(null)] - 框架加载共享程序集[DevExpress.Xpf.NavBar.v13.2]！
2014-09-17 17:57:48,480 [1] DEBUG OSGi.NET.Core.Root.Framework [(null)] - 框架加载共享程序集[WpfServiceContract]！
2014-09-17 17:57:48,485 [1] DEBUG OSGi.NET.Core.Root.Framework [(null)] - 框架关联共享程序集[WpfDemo]！
2014-09-17 17:57:48,487 [1] DEBUG OSGi.NET.Core.Root.Framework [(null)] - 框架关联共享程序集[log4net]！
2014-09-17 17:57:48,489 [1] DEBUG OSGi.NET.Core.Root.Framework [(null)] - 框架关联共享程序集[PresentationFramework.Classic]！
2014-09-17 17:57:48,490 [1] DEBUG OSGi.NET.Core.Root.Framework [(null)] - 框架关联共享程序集[PresentationCore.resources]！
2014-09-17 17:57:48,492 [1] DEBUG OSGi.NET.Core.Root.Framework [(null)] - 框架关联共享程序集[UIAutomationTypes]！
2014-09-17 17:57:48,495 [1] DEBUG OSGi.NET.Core.Root.Framework [(null)] - 框架关联共享程序集[Mono.Cecil]！
2014-09-17 17:57:48,500 [1] DEBUG OSGi.NET.Core.Root.Framework [(null)] - 框架读取模块信息！
2014-09-17 17:57:48,521 [1] DEBUG OSGi.NET.Core.Bundle [(null)] - 模块读取元数据信息！
2014-09-17 17:57:48,575 [1] DEBUG OSGi.NET.Core.Bundle [(null)] - 模块读取元数据信息！
2014-09-17 17:57:48,619 [1] DEBUG OSGi.NET.Core.Bundle [(null)] - 模块读取元数据信息！
2014-09-17 17:57:48,660 [1] DEBUG OSGi.NET.Core.Bundle [(null)] - 模块读取元数据信息！
2014-09-17 17:57:48,680 [1] DEBUG OSGi.NET.Core.Root.Framework [(null)] - 框架初始化结束！
2014-09-17 17:57:48,690 [1] DEBUG OSGi.NET.Core.Root.Framework [(null)] - 框架启动开始！
2014-09-17 17:57:48,694 [1] DEBUG OSGi.NET.Core.Bundle [(null)] - 模块WpfLeftMenu启动开始！
2014-09-17 17:57:48,697 [1] DEBUG OSGi.NET.Core.Bundle [(null)] - 模块WpfLeftMenu加载开始！
2014-09-17 17:57:48,702 [1] DEBUG OSGi.NET.Core.Bundle [(null)] - 加载相关依赖模块！
2014-09-17 17:57:48,712 [1] DEBUG OSGi.NET.Core.Bundle [(null)] - 模块加载自身程序集！
2014-09-17 17:57:48,730 [1] DEBUG OSGi.NET.Core.Bundle [(null)] - 模块关联共享库程序集[WpfServiceContract]！
2014-09-17 17:57:48,732 [1] DEBUG OSGi.NET.Core.Bundle [(null)] - 模块关联共享库程序集[DevExpress.Xpf.NavBar.v13.2]！
2014-09-17 17:57:49,351 [1] DEBUG OSGi.NET.Core.Bundle [(null)] - 模块搜索激活器！
2014-09-17 17:57:49,352 [1] DEBUG OSGi.NET.Core.Bundle [(null)] - 模块WpfLeftMenu加载结束！
2014-09-17 17:57:49,354 [1] DEBUG OSGi.NET.Core.Bundle [(null)] - 激活器启动！
2014-09-17 17:57:50,034 [1] DEBUG OSGi.NET.Core.Bundle [(null)] - 加载扩展点数据！
2014-09-17 17:57:50,042 [1] DEBUG OSGi.NET.Core.Bundle [(null)] - 扩展点加载开始！
2014-09-17 17:57:50,050 [1] DEBUG OSGi.NET.Core.Bundle [(null)] - 扩展点加载结束！
2014-09-17 17:57:50,052 [1] DEBUG OSGi.NET.Core.Bundle [(null)] - 模块WpfLeftMenu启动结束！
2014-09-17 17:57:50,053 [1] DEBUG OSGi.NET.Core.Bundle [(null)] - 模块WpfRightContent启动开始！
2014-09-17 17:57:50,055 [1] DEBUG OSGi.NET.Core.Bundle [(null)] - 模块WpfRightContent加载开始！
2014-09-17 17:57:50,056 [1] DEBUG OSGi.NET.Core.Bundle [(null)] - 加载相关依赖模块！
2014-09-17 17:57:50,058 [1] DEBUG OSGi.NET.Core.Bundle [(null)] - 模块加载自身程序集！
2014-09-17 17:57:50,060 [1] DEBUG OSGi.NET.Core.Bundle [(null)] - 模块关联共享库程序集[WpfServiceContract]！
2014-09-17 17:57:50,072 [1] DEBUG OSGi.NET.Core.Bundle [(null)] - 模块搜索激活器！
2014-09-17 17:57:50,073 [1] DEBUG OSGi.NET.Core.Bundle [(null)] - 模块WpfRightContent加载结束！
2014-09-17 17:57:50,074 [1] DEBUG OSGi.NET.Core.Bundle [(null)] - 激活器启动！
2014-09-17 17:57:50,674 [1] DEBUG OSGi.NET.Core.Bundle [(null)] - 加载扩展点数据！
2014-09-17 17:57:50,676 [1] DEBUG OSGi.NET.Core.Bundle [(null)] - 扩展点加载开始！
2014-09-17 17:57:50,677 [1] DEBUG OSGi.NET.Core.Bundle [(null)] - 扩展点加载结束！
2014-09-17 17:57:50,679 [1] DEBUG OSGi.NET.Core.Bundle [(null)] - 模块WpfRightContent启动结束！
2014-09-17 17:57:50,680 [1] DEBUG OSGi.NET.Core.Bundle [(null)] - 模块WpfTopMenuContent启动开始！
2014-09-17 17:57:50,681 [1] DEBUG OSGi.NET.Core.Bundle [(null)] - 模块WpfTopMenuContent加载开始！
2014-09-17 17:57:50,683 [1] DEBUG OSGi.NET.Core.Bundle [(null)] - 加载相关依赖模块！
2014-09-17 17:57:50,684 [1] DEBUG OSGi.NET.Core.Bundle [(null)] - 模块加载自身程序集！
2014-09-17 17:57:50,686 [1] DEBUG OSGi.NET.Core.Bundle [(null)] - 模块关联共享库程序集[WpfServiceContract]！
2014-09-17 17:57:50,695 [1] DEBUG OSGi.NET.Core.Bundle [(null)] - 模块搜索激活器！
2014-09-17 17:57:50,697 [1] DEBUG OSGi.NET.Core.Bundle [(null)] - 模块WpfTopMenuContent加载结束！
2014-09-17 17:57:50,698 [1] DEBUG OSGi.NET.Core.Bundle [(null)] - 激活器启动！
2014-09-17 17:57:50,701 [1] DEBUG OSGi.NET.Core.Bundle [(null)] - 加载扩展点数据！
2014-09-17 17:57:50,702 [1] DEBUG OSGi.NET.Core.Bundle [(null)] - 扩展点加载开始！
2014-09-17 17:57:50,706 [1] DEBUG OSGi.NET.Core.Bundle [(null)] - 扩展点WpfLeftMenu.TopMenuExtension加载！
2014-09-17 17:57:50,719 [1] DEBUG OSGi.NET.Core.Bundle [(null)] - 扩展点加载结束！
2014-09-17 17:57:50,721 [1] DEBUG OSGi.NET.Core.Bundle [(null)] - 模块WpfTopMenuContent启动结束！
2014-09-17 17:57:50,722 [1] DEBUG OSGi.NET.Core.Bundle [(null)] - 模块OSGiClientAgent启动开始！
2014-09-17 17:57:50,723 [1] DEBUG OSGi.NET.Core.Bundle [(null)] - 模块OSGiClientAgent加载开始！
2014-09-17 17:57:50,724 [1] DEBUG OSGi.NET.Core.Bundle [(null)] - 加载相关依赖模块！
2014-09-17 17:57:50,726 [1] DEBUG OSGi.NET.Core.Bundle [(null)] - 模块加载自身程序集！
2014-09-17 17:57:50,924 [1] DEBUG OSGi.NET.Core.Bundle [(null)] - 模块加载依赖程序集[RestSharp]！
2014-09-17 17:57:50,926 [1] DEBUG OSGi.NET.Core.Bundle [(null)] - 模块关联自身库程序集[RestSharp]！
2014-09-17 17:57:50,944 [1] DEBUG OSGi.NET.Core.Bundle [(null)] - 模块加载依赖程序集[Fleck]！
2014-09-17 17:57:50,945 [1] DEBUG OSGi.NET.Core.Bundle [(null)] - 模块关联自身库程序集[Fleck]！
2014-09-17 17:57:50,951 [1] DEBUG OSGi.NET.Core.Bundle [(null)] - 模块搜索激活器！
2014-09-17 17:57:50,953 [1] DEBUG OSGi.NET.Core.Bundle [(null)] - 模块OSGiClientAgent加载结束！
2014-09-17 17:57:50,954 [1] DEBUG OSGi.NET.Core.Bundle [(null)] - 激活器启动！
2014-09-17 17:57:50,990 [1] DEBUG OSGi.NET.Core.Bundle [(null)] - 加载扩展点数据！
2014-09-17 17:57:50,991 [1] DEBUG OSGi.NET.Core.Bundle [(null)] - 扩展点加载开始！
2014-09-17 17:57:50,993 [1] DEBUG OSGi.NET.Core.Bundle [(null)] - 扩展点加载结束！
2014-09-17 17:57:50,994 [1] DEBUG OSGi.NET.Core.Bundle [(null)] - 模块OSGiClientAgent启动结束！
2014-09-17 17:57:50,995 [1] DEBUG OSGi.NET.Core.Root.Framework [(null)] - 框架启动完成！
2014-09-17 17:58:01,226 [1] DEBUG OSGi.NET.Core.Bundle [(null)] - 模块更新开始！
2014-09-17 17:58:01,422 [1] DEBUG OSGi.NET.Core.Root.Framework [(null)] - 卸载模块备份至[F:\Work\OSGi.NET\Sample\WPF\WpfDemo\bin\Debug\Temp]目录！
