2015-10-31 11:04:14,722 [7] DEBUG OSGi.NET.Core.Root.Framework [(null)] - 框架读取元数据信息！
2015-10-31 11:04:19,958 [7] DEBUG OSGi.NET.Core.Root.Framework [(null)] - 框架初始化开始！
2015-10-31 11:04:20,001 [7] DEBUG OSGi.NET.Core.Root.Framework [(null)] - 框架读取配置！
2015-10-31 11:04:20,018 [7] DEBUG OSGi.NET.Core.Root.Framework [(null)] - 框架加载共享程序集！
2015-10-31 11:04:21,494 [7] DEBUG OSGi.NET.Core.Root.Framework [(null)] - 框架加载共享程序集[DevExpress.Charts.v13.2.Core]！
2015-10-31 11:04:21,840 [7] DEBUG OSGi.NET.Core.Root.Framework [(null)] - 框架加载共享程序集[DevExpress.Data.v13.2]！
2015-10-31 11:04:22,195 [7] DEBUG OSGi.NET.Core.Root.Framework [(null)] - 框架加载共享程序集[DevExpress.Images.v13.2]！
2015-10-31 11:04:22,320 [7] DEBUG OSGi.NET.Core.Root.Framework [(null)] - 框架加载共享程序集[DevExpress.Map.v13.2.Core]！
2015-10-31 11:04:22,539 [7] DEBUG OSGi.NET.Core.Root.Framework [(null)] - 框架加载共享程序集[DevExpress.Xpf.Charts.v13.2]！
2015-10-31 11:04:22,827 [7] DEBUG OSGi.NET.Core.Root.Framework [(null)] - 框架加载共享程序集[DevExpress.Xpf.Core.v13.2]！
2015-10-31 11:04:23,496 [7] DEBUG OSGi.NET.Core.Root.Framework [(null)] - 框架加载共享程序集[DevExpress.Xpf.Map.v13.2]！
2015-10-31 11:04:23,616 [7] DEBUG OSGi.NET.Core.Root.Framework [(null)] - 框架加载共享程序集[DevExpress.Xpf.Mvvm.v13.2]！
2015-10-31 11:04:23,745 [7] DEBUG OSGi.NET.Core.Root.Framework [(null)] - 框架加载共享程序集[DevExpress.Xpf.NavBar.v13.2]！
2015-10-31 11:04:23,812 [7] DEBUG OSGi.NET.Core.Root.Framework [(null)] - 框架加载共享程序集[WpfServiceContract]！
2015-10-31 11:04:23,820 [7] DEBUG OSGi.NET.Core.Root.Framework [(null)] - 框架关联共享程序集[Microsoft.VisualStudio.HostingProcess.Utilities]！
2015-10-31 11:04:23,822 [7] DEBUG OSGi.NET.Core.Root.Framework [(null)] - 框架关联共享程序集[Microsoft.VisualStudio.HostingProcess.Utilities.Sync]！
2015-10-31 11:04:23,824 [7] DEBUG OSGi.NET.Core.Root.Framework [(null)] - 框架关联共享程序集[Microsoft.VisualStudio.Debugger.Runtime]！
2015-10-31 11:04:23,827 [7] DEBUG OSGi.NET.Core.Root.Framework [(null)] - 框架关联共享程序集[vshost]！
2015-10-31 11:04:23,830 [7] DEBUG OSGi.NET.Core.Root.Framework [(null)] - 框架关联共享程序集[Microsoft.CSharp]！
2015-10-31 11:04:23,833 [7] DEBUG OSGi.NET.Core.Root.Framework [(null)] - 框架关联共享程序集[UIAutomationProvider]！
2015-10-31 11:04:23,836 [7] DEBUG OSGi.NET.Core.Root.Framework [(null)] - 框架关联共享程序集[UIAutomationTypes]！
2015-10-31 11:04:23,838 [7] DEBUG OSGi.NET.Core.Root.Framework [(null)] - 框架关联共享程序集[WpfDemo]！
2015-10-31 11:04:23,920 [7] DEBUG OSGi.NET.Core.Root.Framework [(null)] - 框架关联共享程序集[log4net]！
2015-10-31 11:04:23,922 [7] DEBUG OSGi.NET.Core.Root.Framework [(null)] - 框架关联共享程序集[PresentationFramework.AeroLite]！
2015-10-31 11:04:23,925 [7] DEBUG OSGi.NET.Core.Root.Framework [(null)] - 框架关联共享程序集[PresentationCore.resources]！
2015-10-31 11:04:23,928 [7] DEBUG OSGi.NET.Core.Root.Framework [(null)] - 框架关联共享程序集[Mono.Cecil]！
2015-10-31 11:04:23,956 [7] DEBUG OSGi.NET.Core.Root.Framework [(null)] - 框架读取模块信息！
2015-10-31 11:04:24,296 [7] DEBUG OSGi.NET.Core.Bundle [(null)] - 模块读取元数据信息！
2015-10-31 11:04:26,505 [7] DEBUG OSGi.NET.Core.Bundle [(null)] - 模块读取元数据信息！
2015-10-31 11:04:27,168 [7] DEBUG OSGi.NET.Core.Bundle [(null)] - 模块读取元数据信息！
2015-10-31 11:04:27,835 [7] DEBUG OSGi.NET.Core.Bundle [(null)] - 模块读取元数据信息！
2015-10-31 11:04:27,920 [7] DEBUG OSGi.NET.Core.Root.Framework [(null)] - 框架初始化结束！
2015-10-31 11:04:28,081 [7] DEBUG OSGi.NET.Core.Root.Framework [(null)] - 框架启动开始！
2015-10-31 11:04:28,085 [7] DEBUG OSGi.NET.Core.Bundle [(null)] - 模块WpfLeftMenu启动开始！
2015-10-31 11:04:28,087 [7] DEBUG OSGi.NET.Core.Bundle [(null)] - 模块WpfLeftMenu加载开始！
2015-10-31 11:04:28,092 [7] DEBUG OSGi.NET.Core.Bundle [(null)] - 加载相关依赖模块！
2015-10-31 11:04:28,243 [7] DEBUG OSGi.NET.Core.Bundle [(null)] - 模块加载自身程序集！
2015-10-31 11:04:28,260 [7] DEBUG OSGi.NET.Core.Bundle [(null)] - 模块关联共享库程序集[WpfServiceContract]！
2015-10-31 11:04:28,263 [7] DEBUG OSGi.NET.Core.Bundle [(null)] - 模块关联共享库程序集[DevExpress.Xpf.NavBar.v13.2]！
2015-10-31 11:04:29,486 [7] DEBUG OSGi.NET.Core.Bundle [(null)] - 模块搜索激活器！
2015-10-31 11:04:29,488 [7] DEBUG OSGi.NET.Core.Bundle [(null)] - 模块WpfLeftMenu加载结束！
2015-10-31 11:04:29,489 [7] DEBUG OSGi.NET.Core.Bundle [(null)] - 激活器启动！
2015-10-31 11:04:33,343 [7] DEBUG OSGi.NET.Core.Bundle [(null)] - 加载扩展点数据！
2015-10-31 11:04:33,351 [7] DEBUG OSGi.NET.Core.Bundle [(null)] - 扩展点加载开始！
2015-10-31 11:04:33,378 [7] DEBUG OSGi.NET.Core.Bundle [(null)] - 扩展点加载结束！
2015-10-31 11:04:33,379 [7] DEBUG OSGi.NET.Core.Bundle [(null)] - 模块WpfLeftMenu启动结束！
2015-10-31 11:04:33,380 [7] DEBUG OSGi.NET.Core.Bundle [(null)] - 模块WpfRightContent启动开始！
2015-10-31 11:04:33,382 [7] DEBUG OSGi.NET.Core.Bundle [(null)] - 模块WpfRightContent加载开始！
2015-10-31 11:04:33,383 [7] DEBUG OSGi.NET.Core.Bundle [(null)] - 加载相关依赖模块！
2015-10-31 11:04:33,384 [7] DEBUG OSGi.NET.Core.Bundle [(null)] - 模块加载自身程序集！
2015-10-31 11:04:33,387 [7] DEBUG OSGi.NET.Core.Bundle [(null)] - 模块关联共享库程序集[WpfServiceContract]！
2015-10-31 11:04:33,509 [7] DEBUG OSGi.NET.Core.Bundle [(null)] - 模块搜索激活器！
2015-10-31 11:04:33,510 [7] DEBUG OSGi.NET.Core.Bundle [(null)] - 模块WpfRightContent加载结束！
2015-10-31 11:04:33,512 [7] DEBUG OSGi.NET.Core.Bundle [(null)] - 激活器启动！
2015-10-31 11:04:35,074 [7] DEBUG OSGi.NET.Core.Bundle [(null)] - 加载扩展点数据！
2015-10-31 11:04:35,076 [7] DEBUG OSGi.NET.Core.Bundle [(null)] - 扩展点加载开始！
2015-10-31 11:04:35,076 [7] DEBUG OSGi.NET.Core.Bundle [(null)] - 扩展点加载结束！
2015-10-31 11:04:35,077 [7] DEBUG OSGi.NET.Core.Bundle [(null)] - 模块WpfRightContent启动结束！
2015-10-31 11:04:35,078 [7] DEBUG OSGi.NET.Core.Bundle [(null)] - 模块WpfTopMenuContent启动开始！
2015-10-31 11:04:35,079 [7] DEBUG OSGi.NET.Core.Bundle [(null)] - 模块WpfTopMenuContent加载开始！
2015-10-31 11:04:35,080 [7] DEBUG OSGi.NET.Core.Bundle [(null)] - 加载相关依赖模块！
2015-10-31 11:04:35,082 [7] DEBUG OSGi.NET.Core.Bundle [(null)] - 模块加载自身程序集！
2015-10-31 11:04:35,084 [7] DEBUG OSGi.NET.Core.Bundle [(null)] - 模块关联共享库程序集[WpfServiceContract]！
2015-10-31 11:04:35,205 [7] DEBUG OSGi.NET.Core.Bundle [(null)] - 模块搜索激活器！
2015-10-31 11:04:35,206 [7] DEBUG OSGi.NET.Core.Bundle [(null)] - 模块WpfTopMenuContent加载结束！
2015-10-31 11:04:35,208 [7] DEBUG OSGi.NET.Core.Bundle [(null)] - 激活器启动！
2015-10-31 11:04:35,211 [7] DEBUG OSGi.NET.Core.Bundle [(null)] - 加载扩展点数据！
2015-10-31 11:04:35,212 [7] DEBUG OSGi.NET.Core.Bundle [(null)] - 扩展点加载开始！
2015-10-31 11:04:35,215 [7] DEBUG OSGi.NET.Core.Bundle [(null)] - 扩展点WpfLeftMenu.TopMenuExtension加载！
2015-10-31 11:04:35,267 [7] DEBUG OSGi.NET.Core.Bundle [(null)] - 扩展点加载结束！
2015-10-31 11:04:35,269 [7] DEBUG OSGi.NET.Core.Bundle [(null)] - 模块WpfTopMenuContent启动结束！
2015-10-31 11:04:35,270 [7] DEBUG OSGi.NET.Core.Bundle [(null)] - 模块OSGiClientAgent启动开始！
2015-10-31 11:04:35,271 [7] DEBUG OSGi.NET.Core.Bundle [(null)] - 模块OSGiClientAgent加载开始！
2015-10-31 11:04:35,273 [7] DEBUG OSGi.NET.Core.Bundle [(null)] - 加载相关依赖模块！
2015-10-31 11:04:35,274 [7] DEBUG OSGi.NET.Core.Bundle [(null)] - 模块加载自身程序集！
2015-10-31 11:04:35,770 [7] DEBUG OSGi.NET.Core.Bundle [(null)] - 模块加载依赖程序集[RestSharp]！
2015-10-31 11:04:35,771 [7] DEBUG OSGi.NET.Core.Bundle [(null)] - 模块关联自身库程序集[RestSharp]！
2015-10-31 11:04:35,887 [7] DEBUG OSGi.NET.Core.Bundle [(null)] - 模块加载依赖程序集[Fleck]！
2015-10-31 11:04:35,889 [7] DEBUG OSGi.NET.Core.Bundle [(null)] - 模块关联自身库程序集[Fleck]！
2015-10-31 11:04:35,994 [7] DEBUG OSGi.NET.Core.Bundle [(null)] - 模块搜索激活器！
2015-10-31 11:04:35,996 [7] DEBUG OSGi.NET.Core.Bundle [(null)] - 模块OSGiClientAgent加载结束！
2015-10-31 11:04:35,998 [7] DEBUG OSGi.NET.Core.Bundle [(null)] - 激活器启动！
2015-10-31 11:04:36,824 [7] DEBUG OSGi.NET.Core.Bundle [(null)] - 加载扩展点数据！
2015-10-31 11:04:36,825 [7] DEBUG OSGi.NET.Core.Bundle [(null)] - 扩展点加载开始！
2015-10-31 11:04:36,827 [7] DEBUG OSGi.NET.Core.Bundle [(null)] - 扩展点加载结束！
2015-10-31 11:04:36,828 [7] DEBUG OSGi.NET.Core.Bundle [(null)] - 模块OSGiClientAgent启动结束！
2015-10-31 11:04:36,830 [7] DEBUG OSGi.NET.Core.Root.Framework [(null)] - 框架启动完成！
2015-10-31 11:05:02,468 [7] DEBUG OSGi.NET.Core.Root.Framework [(null)] - 模块[WpfTopMenuContent]安装开始！
2015-10-31 11:05:02,893 [7] ERROR OSGi.NET.Core.Root.Framework [(null)] - 指定模块安装失败！
System.Exception: 名称为[WpfTopMenuContent]的插件已经存在，安装失败！
   在 OSGi.NET.Core.Root.Framework.Install(String zipFile) 位置 e:\Work\OSGi.NET\OSGi.NET\Core\Root\Framework.cs:行号 495
2015-10-31 11:05:06,471 [7] DEBUG OSGi.NET.Core.Bundle [(null)] - 模块WpfTopMenuContent停止开始！
2015-10-31 11:05:06,472 [7] DEBUG OSGi.NET.Core.Bundle [(null)] - 卸载扩展点数据！
2015-10-31 11:05:06,476 [7] DEBUG OSGi.NET.Core.Bundle [(null)] - 扩展点卸载开始
2015-10-31 11:05:06,478 [7] DEBUG OSGi.NET.Core.Bundle [(null)] - 扩展点WpfLeftMenu.TopMenuExtension卸载！
2015-10-31 11:05:06,620 [7] DEBUG OSGi.NET.Core.Bundle [(null)] - 扩展点卸载停止
2015-10-31 11:05:06,621 [7] DEBUG OSGi.NET.Core.Bundle [(null)] - 激活器停止
2015-10-31 11:05:06,631 [7] DEBUG OSGi.NET.Core.Bundle [(null)] - 模块WpfTopMenuContent停止结束！
2015-10-31 11:05:06,633 [7] DEBUG OSGi.NET.Core.Bundle [(null)] - 模块卸载开始！
2015-10-31 11:05:06,636 [7] DEBUG OSGi.NET.Core.Root.Framework [(null)] - 卸载模块备份至[E:\Work\OSGi.NET\Sample\WPF\WpfDemo\bin\Debug\Temp]目录！
2015-10-31 11:05:10,187 [7] DEBUG OSGi.NET.Core.Bundle [(null)] - 模块更新开始！
2015-10-31 11:05:10,413 [7] DEBUG OSGi.NET.Core.Root.Framework [(null)] - 卸载模块备份至[E:\Work\OSGi.NET\Sample\WPF\WpfDemo\bin\Debug\Temp]目录！
